{"/home/travis/build/npmtest/node-npmtest-gulp-jshint/test.js":{"path":"/home/travis/build/npmtest/node-npmtest-gulp-jshint/test.js","s":{"1":2,"2":2,"3":2,"4":2,"5":2,"6":2,"7":2,"8":1,"9":2,"10":2,"11":1,"12":1,"13":1,"14":1,"15":2,"16":2,"17":2,"18":2,"19":1,"20":1,"21":2,"22":2,"23":2,"24":1,"25":1,"26":1,"27":1,"28":1,"29":1,"30":1,"31":1,"32":1,"33":1,"34":1,"35":1,"36":2,"37":2,"38":1,"39":2,"40":2,"41":1,"42":2,"43":2,"44":1,"45":1,"46":1,"47":1,"48":1},"b":{"1":[2,1,1,1],"2":[1,1,1,1],"3":[1,1],"4":[1,1],"5":[1,1],"6":[1,1],"7":[1,1],"8":[1,1],"9":[1,1,1],"10":[1,1],"11":[1,1],"12":[1,1],"13":[1,1],"14":[1,1],"15":[1,1]},"f":{"1":2,"2":2,"3":2,"4":2,"5":2,"6":1,"7":1,"8":2,"9":2,"10":2,"11":1},"fnMap":{"1":{"name":"(anonymous_1)","line":12,"loc":{"start":{"line":12,"column":1},"end":{"line":12,"column":13}}},"2":{"name":"(anonymous_2)","line":19,"loc":{"start":{"line":19,"column":5},"end":{"line":19,"column":17}}},"3":{"name":"(anonymous_3)","line":23,"loc":{"start":{"line":23,"column":24},"end":{"line":23,"column":36}}},"4":{"name":"(anonymous_4)","line":61,"loc":{"start":{"line":61,"column":5},"end":{"line":61,"column":17}}},"5":{"name":"(anonymous_5)","line":82,"loc":{"start":{"line":82,"column":5},"end":{"line":82,"column":17}}},"6":{"name":"(anonymous_6)","line":102,"loc":{"start":{"line":102,"column":83},"end":{"line":105,"column":10}},"skip":true},"7":{"name":"(anonymous_7)","line":113,"loc":{"start":{"line":113,"column":77},"end":{"line":116,"column":10}},"skip":true},"8":{"name":"(anonymous_8)","line":127,"loc":{"start":{"line":127,"column":77},"end":{"line":130,"column":10}},"skip":true},"9":{"name":"(anonymous_9)","line":138,"loc":{"start":{"line":138,"column":83},"end":{"line":141,"column":10}},"skip":true},"10":{"name":"(anonymous_10)","line":149,"loc":{"start":{"line":149,"column":79},"end":{"line":152,"column":10}},"skip":true},"11":{"name":"(anonymous_11)","line":160,"loc":{"start":{"line":160,"column":75},"end":{"line":163,"column":10}},"skip":true}},"statementMap":{"1":{"start":{"line":12,"column":0},"end":{"line":175,"column":5}},"2":{"start":{"line":14,"column":4},"end":{"line":14,"column":14}},"3":{"start":{"line":19,"column":4},"end":{"line":56,"column":9}},"4":{"start":{"line":21,"column":8},"end":{"line":21,"column":19}},"5":{"start":{"line":23,"column":8},"end":{"line":35,"column":13}},"6":{"start":{"line":24,"column":12},"end":{"line":34,"column":13}},"7":{"start":{"line":25,"column":16},"end":{"line":28,"column":30}},"8":{"start":{"line":30,"column":16},"end":{"line":33,"column":27}},"9":{"start":{"line":37,"column":8},"end":{"line":39,"column":21}},"10":{"start":{"line":40,"column":8},"end":{"line":53,"column":9}},"11":{"start":{"line":43,"column":12},"end":{"line":46,"column":14}},"12":{"start":{"line":47,"column":12},"end":{"line":47,"column":18}},"13":{"start":{"line":50,"column":12},"end":{"line":51,"column":46}},"14":{"start":{"line":52,"column":12},"end":{"line":52,"column":18}},"15":{"start":{"line":55,"column":8},"end":{"line":55,"column":35}},"16":{"start":{"line":61,"column":4},"end":{"line":63,"column":9}},"17":{"start":{"line":62,"column":8},"end":{"line":62,"column":15}},"18":{"start":{"line":64,"column":4},"end":{"line":77,"column":5}},"19":{"start":{"line":70,"column":8},"end":{"line":70,"column":14}},"20":{"start":{"line":76,"column":8},"end":{"line":76,"column":14}},"21":{"start":{"line":82,"column":4},"end":{"line":84,"column":9}},"22":{"start":{"line":83,"column":8},"end":{"line":83,"column":15}},"23":{"start":{"line":85,"column":4},"end":{"line":174,"column":5}},"24":{"start":{"line":92,"column":8},"end":{"line":94,"column":63}},"25":{"start":{"line":95,"column":8},"end":{"line":95,"column":14}},"26":{"start":{"line":102,"column":8},"end":{"line":111,"column":10},"skip":true},"27":{"start":{"line":109,"column":12},"end":{"line":109,"column":55},"skip":true},"28":{"start":{"line":110,"column":12},"end":{"line":110,"column":48},"skip":true},"29":{"start":{"line":113,"column":8},"end":{"line":125,"column":10},"skip":true},"30":{"start":{"line":120,"column":12},"end":{"line":120,"column":76},"skip":true},"31":{"start":{"line":121,"column":12},"end":{"line":121,"column":73},"skip":true},"32":{"start":{"line":122,"column":12},"end":{"line":122,"column":74},"skip":true},"33":{"start":{"line":123,"column":12},"end":{"line":123,"column":25},"skip":true},"34":{"start":{"line":124,"column":12},"end":{"line":124,"column":45},"skip":true},"35":{"start":{"line":127,"column":8},"end":{"line":136,"column":10},"skip":true},"36":{"start":{"line":134,"column":12},"end":{"line":134,"column":25},"skip":true},"37":{"start":{"line":135,"column":12},"end":{"line":135,"column":45},"skip":true},"38":{"start":{"line":138,"column":8},"end":{"line":147,"column":10},"skip":true},"39":{"start":{"line":145,"column":12},"end":{"line":145,"column":25},"skip":true},"40":{"start":{"line":146,"column":12},"end":{"line":146,"column":48},"skip":true},"41":{"start":{"line":149,"column":8},"end":{"line":158,"column":10},"skip":true},"42":{"start":{"line":156,"column":12},"end":{"line":156,"column":25},"skip":true},"43":{"start":{"line":157,"column":12},"end":{"line":157,"column":46},"skip":true},"44":{"start":{"line":160,"column":8},"end":{"line":169,"column":10},"skip":true},"45":{"start":{"line":167,"column":12},"end":{"line":167,"column":94},"skip":true},"46":{"start":{"line":168,"column":12},"end":{"line":168,"column":48},"skip":true},"47":{"start":{"line":172,"column":8},"end":{"line":172,"column":35},"skip":true},"48":{"start":{"line":173,"column":8},"end":{"line":173,"column":14},"skip":true}},"branchMap":{"1":{"line":25,"type":"binary-expr","locations":[{"start":{"line":25,"column":23},"end":{"line":25,"column":62}},{"start":{"line":26,"column":20},"end":{"line":26,"column":70}},{"start":{"line":27,"column":20},"end":{"line":27,"column":71}},{"start":{"line":28,"column":20},"end":{"line":28,"column":29}}]},"2":{"line":30,"type":"binary-expr","locations":[{"start":{"line":30,"column":23},"end":{"line":30,"column":37}},{"start":{"line":31,"column":20},"end":{"line":31,"column":61}},{"start":{"line":32,"column":20},"end":{"line":32,"column":70}},{"start":{"line":33,"column":20},"end":{"line":33,"column":26}}]},"3":{"line":37,"type":"cond-expr","locations":[{"start":{"line":38,"column":14},"end":{"line":38,"column":20}},{"start":{"line":39,"column":14},"end":{"line":39,"column":20}}]},"4":{"line":40,"type":"switch","locations":[{"start":{"line":42,"column":8},"end":{"line":47,"column":18}},{"start":{"line":49,"column":8},"end":{"line":52,"column":18}}]},"5":{"line":44,"type":"binary-expr","locations":[{"start":{"line":44,"column":16},"end":{"line":44,"column":44}},{"start":{"line":44,"column":48},"end":{"line":44,"column":66}}]},"6":{"line":50,"type":"binary-expr","locations":[{"start":{"line":50,"column":21},"end":{"line":50,"column":49}},{"start":{"line":50,"column":53},"end":{"line":50,"column":72}}]},"7":{"line":64,"type":"switch","locations":[{"start":{"line":69,"column":4},"end":{"line":70,"column":14}},{"start":{"line":75,"column":4},"end":{"line":76,"column":14}}]},"8":{"line":85,"type":"switch","locations":[{"start":{"line":90,"column":4},"end":{"line":95,"column":14}},{"start":{"line":101,"column":4},"end":{"line":173,"column":14},"skip":true}]},"9":{"line":92,"type":"binary-expr","locations":[{"start":{"line":92,"column":18},"end":{"line":92,"column":32}},{"start":{"line":93,"column":12},"end":{"line":93,"column":53}},{"start":{"line":94,"column":12},"end":{"line":94,"column":61}}]},"10":{"line":102,"type":"binary-expr","locations":[{"start":{"line":102,"column":45},"end":{"line":102,"column":79},"skip":true},{"start":{"line":102,"column":83},"end":{"line":111,"column":9},"skip":true}]},"11":{"line":113,"type":"binary-expr","locations":[{"start":{"line":113,"column":42},"end":{"line":113,"column":73},"skip":true},{"start":{"line":113,"column":77},"end":{"line":125,"column":9},"skip":true}]},"12":{"line":127,"type":"binary-expr","locations":[{"start":{"line":127,"column":42},"end":{"line":127,"column":73},"skip":true},{"start":{"line":127,"column":77},"end":{"line":136,"column":9},"skip":true}]},"13":{"line":138,"type":"binary-expr","locations":[{"start":{"line":138,"column":45},"end":{"line":138,"column":79},"skip":true},{"start":{"line":138,"column":83},"end":{"line":147,"column":9},"skip":true}]},"14":{"line":149,"type":"binary-expr","locations":[{"start":{"line":149,"column":43},"end":{"line":149,"column":75},"skip":true},{"start":{"line":149,"column":79},"end":{"line":158,"column":9},"skip":true}]},"15":{"line":160,"type":"binary-expr","locations":[{"start":{"line":160,"column":41},"end":{"line":160,"column":71},"skip":true},{"start":{"line":160,"column":75},"end":{"line":169,"column":9},"skip":true}]}},"code":["/* istanbul instrument in package npmtest_gulp_jshint */","/*jslint","    bitwise: true,","    browser: true,","    maxerr: 8,","    maxlen: 96,","    node: true,","    nomen: true,","    regexp: true,","    stupid: true","*/","(function () {","    'use strict';","    var local;","","","","    // run shared js-env code - pre-init","    (function () {","        // init local","        local = {};","        // init modeJs","        local.modeJs = (function () {","            try {","                return typeof navigator.userAgent === 'string' &&","                    typeof document.querySelector('body') === 'object' &&","                    typeof XMLHttpRequest.prototype.open === 'function' &&","                    'browser';","            } catch (errorCaughtBrowser) {","                return module.exports &&","                    typeof process.versions.node === 'string' &&","                    typeof require('http').createServer === 'function' &&","                    'node';","            }","        }());","        // init global","        local.global = local.modeJs === 'browser'","            ? window","            : global;","        switch (local.modeJs) {","        // re-init local from window.local","        case 'browser':","            local = local.global.utility2.objectSetDefault(","                local.global.utility2_rollup || local.global.local,","                local.global.utility2","            );","            break;","        // re-init local from example.js","        case 'node':","            local = (local.global.utility2_rollup || require('utility2'))","                .requireExampleJsFromReadme();","            break;","        }","        // export local","        local.global.local = local;","    }());","","","","    // run shared js-env code - function","    (function () {","        return;","    }());","    switch (local.modeJs) {","","","","    // run browser js-env code - function","    case 'browser':","        break;","","","","    // run node js-env code - function","    case 'node':","        break;","    }","","","","    // run shared js-env code - post-init","    (function () {","        return;","    }());","    switch (local.modeJs) {","","","","    // run browser js-env code - post-init","    case 'browser':","        // run tests","        local.nop(local.modeTest &&","            document.querySelector('#testRunButton1') &&","            document.querySelector('#testRunButton1').click());","        break;","","","","    // run node js-env code - post-init","    /* istanbul ignore next */","    case 'node':","        local.testCase_buildApidoc_default = local.testCase_buildApidoc_default || function (","            options,","            onError","        ) {","        /*","         * this function will test buildApidoc's default handling-behavior-behavior","         */","            options = { modulePathList: module.paths };","            local.buildApidoc(options, onError);","        };","","        local.testCase_buildApp_default = local.testCase_buildApp_default || function (","            options,","            onError","        ) {","        /*","         * this function will test buildApp's default handling-behavior-behavior","         */","            local.testCase_buildReadme_default(options, local.onErrorThrow);","            local.testCase_buildLib_default(options, local.onErrorThrow);","            local.testCase_buildTest_default(options, local.onErrorThrow);","            options = [];","            local.buildApp(options, onError);","        };","","        local.testCase_buildLib_default = local.testCase_buildLib_default || function (","            options,","            onError","        ) {","        /*","         * this function will test buildLib's default handling-behavior","         */","            options = {};","            local.buildLib(options, onError);","        };","","        local.testCase_buildReadme_default = local.testCase_buildReadme_default || function (","            options,","            onError","        ) {","        /*","         * this function will test buildReadme's default handling-behavior-behavior","         */","            options = {};","            local.buildReadme(options, onError);","        };","","        local.testCase_buildTest_default = local.testCase_buildTest_default || function (","            options,","            onError","        ) {","        /*","         * this function will test buildTest's default handling-behavior","         */","            options = {};","            local.buildTest(options, onError);","        };","","        local.testCase_webpage_default = local.testCase_webpage_default || function (","            options,","            onError","        ) {","        /*","         * this function will test webpage's default handling-behavior","         */","            options = { modeCoverageMerge: true, url: local.serverLocalHost + '?modeTest=1' };","            local.browserTest(options, onError);","        };","","        // run test-server","        local.testRunServer(local);","        break;","    }","}());",""],"l":{"12":2,"14":2,"19":2,"21":2,"23":2,"24":2,"25":2,"30":1,"37":2,"40":2,"43":1,"47":1,"50":1,"52":1,"55":2,"61":2,"62":2,"64":2,"70":1,"76":1,"82":2,"83":2,"85":2,"92":1,"95":1,"102":1,"109":1,"110":1,"113":1,"120":1,"121":1,"122":1,"123":1,"124":1,"127":1,"134":2,"135":2,"138":1,"145":2,"146":2,"149":1,"156":2,"157":2,"160":1,"167":1,"168":1,"172":1,"173":1}},"/home/travis/build/npmtest/node-npmtest-gulp-jshint/lib.npmtest_gulp_jshint.js":{"path":"/home/travis/build/npmtest/node-npmtest-gulp-jshint/lib.npmtest_gulp_jshint.js","s":{"1":2,"2":2,"3":2,"4":2,"5":2,"6":2,"7":2,"8":1,"9":2,"10":2,"11":2,"12":2,"13":1,"14":1,"15":1,"16":1},"b":{"1":[2,1,1,1],"2":[1,1,1,1],"3":[1,1],"4":[2,2],"5":[1,1]},"f":{"1":2,"2":2,"3":2},"fnMap":{"1":{"name":"(anonymous_1)","line":12,"loc":{"start":{"line":12,"column":1},"end":{"line":12,"column":13}}},"2":{"name":"(anonymous_2)","line":19,"loc":{"start":{"line":19,"column":5},"end":{"line":19,"column":17}}},"3":{"name":"(anonymous_3)","line":23,"loc":{"start":{"line":23,"column":24},"end":{"line":23,"column":36}}}},"statementMap":{"1":{"start":{"line":12,"column":0},"end":{"line":53,"column":5}},"2":{"start":{"line":14,"column":4},"end":{"line":14,"column":14}},"3":{"start":{"line":19,"column":4},"end":{"line":52,"column":9}},"4":{"start":{"line":21,"column":8},"end":{"line":21,"column":19}},"5":{"start":{"line":23,"column":8},"end":{"line":35,"column":13}},"6":{"start":{"line":24,"column":12},"end":{"line":34,"column":13}},"7":{"start":{"line":25,"column":16},"end":{"line":28,"column":30}},"8":{"start":{"line":30,"column":16},"end":{"line":33,"column":27}},"9":{"start":{"line":37,"column":8},"end":{"line":39,"column":21}},"10":{"start":{"line":41,"column":8},"end":{"line":41,"column":54}},"11":{"start":{"line":43,"column":8},"end":{"line":43,"column":56}},"12":{"start":{"line":45,"column":8},"end":{"line":51,"column":9}},"13":{"start":{"line":46,"column":12},"end":{"line":46,"column":62}},"14":{"start":{"line":48,"column":12},"end":{"line":48,"column":35}},"15":{"start":{"line":49,"column":12},"end":{"line":49,"column":49}},"16":{"start":{"line":50,"column":12},"end":{"line":50,"column":43}}},"branchMap":{"1":{"line":25,"type":"binary-expr","locations":[{"start":{"line":25,"column":23},"end":{"line":25,"column":62}},{"start":{"line":26,"column":20},"end":{"line":26,"column":70}},{"start":{"line":27,"column":20},"end":{"line":27,"column":71}},{"start":{"line":28,"column":20},"end":{"line":28,"column":29}}]},"2":{"line":30,"type":"binary-expr","locations":[{"start":{"line":30,"column":23},"end":{"line":30,"column":37}},{"start":{"line":31,"column":20},"end":{"line":31,"column":61}},{"start":{"line":32,"column":20},"end":{"line":32,"column":70}},{"start":{"line":33,"column":20},"end":{"line":33,"column":26}}]},"3":{"line":37,"type":"cond-expr","locations":[{"start":{"line":38,"column":14},"end":{"line":38,"column":20}},{"start":{"line":39,"column":14},"end":{"line":39,"column":20}}]},"4":{"line":41,"type":"binary-expr","locations":[{"start":{"line":41,"column":16},"end":{"line":41,"column":44}},{"start":{"line":41,"column":48},"end":{"line":41,"column":53}}]},"5":{"line":45,"type":"if","locations":[{"start":{"line":45,"column":8},"end":{"line":45,"column":8}},{"start":{"line":45,"column":8},"end":{"line":45,"column":8}}]}},"code":["/* istanbul instrument in package npmtest_gulp_jshint */","/*jslint","    bitwise: true,","    browser: true,","    maxerr: 8,","    maxlen: 96,","    node: true,","    nomen: true,","    regexp: true,","    stupid: true","*/","(function () {","    'use strict';","    var local;","","","","    // run shared js-env code - pre-init","    (function () {","        // init local","        local = {};","        // init modeJs","        local.modeJs = (function () {","            try {","                return typeof navigator.userAgent === 'string' &&","                    typeof document.querySelector('body') === 'object' &&","                    typeof XMLHttpRequest.prototype.open === 'function' &&","                    'browser';","            } catch (errorCaughtBrowser) {","                return module.exports &&","                    typeof process.versions.node === 'string' &&","                    typeof require('http').createServer === 'function' &&","                    'node';","            }","        }());","        // init global","        local.global = local.modeJs === 'browser'","            ? window","            : global;","        // init utility2_rollup","        local = local.global.utility2_rollup || local;","        // init lib","        local.local = local.npmtest_gulp_jshint = local;","        // init exports","        if (local.modeJs === 'browser') {","            local.global.utility2_npmtest_gulp_jshint = local;","        } else {","            module.exports = local;","            module.exports.__dirname = __dirname;","            module.exports.module = module;","        }","    }());","}());",""],"l":{"12":2,"14":2,"19":2,"21":2,"23":2,"24":2,"25":2,"30":1,"37":2,"41":2,"43":2,"45":2,"46":1,"48":1,"49":1,"50":1}},"/home/travis/build/npmtest/node-npmtest-gulp-jshint/example.js":{"path":"/home/travis/build/npmtest/node-npmtest-gulp-jshint/example.js","s":{"1":2,"2":2,"3":2,"4":2,"5":2,"6":2,"7":2,"8":1,"9":2,"10":2,"11":2,"12":2,"13":1,"14":2,"15":2,"16":2,"17":2,"18":2,"19":0,"20":2,"21":1,"22":1,"23":1,"24":1,"25":1,"26":0,"27":0,"28":1,"29":1,"30":2,"31":0,"32":0,"33":0,"34":1,"35":2,"36":2,"37":2,"38":2,"39":2,"40":2,"41":0,"42":2,"43":2,"44":2,"45":1,"46":3,"47":1,"48":1,"49":1,"50":1,"51":1,"52":1,"53":1,"54":1,"55":1,"56":1,"57":0,"58":1,"59":6,"60":6,"61":1,"62":2,"63":0,"64":2,"65":1,"66":1,"67":0,"68":0,"69":0,"70":0,"71":0,"72":0,"73":0,"74":0,"75":0,"76":0,"77":0,"78":0,"79":0,"80":0,"81":0,"82":0,"83":0},"b":{"1":[2,1,1,1],"2":[1,1,1,1],"3":[1,1],"4":[2,2],"5":[1,1],"6":[1,1],"7":[2,0],"8":[2,1,1,1,1,1],"9":[0,2,0],"10":[1,1],"11":[2,1,1],"12":[1,0],"13":[0,2],"14":[2,0,0,0,0,0,0],"15":[0,2],"16":[2,0],"17":[1,1],"18":[0,1],"19":[1,2,0,2],"20":[1,0],"21":[1,1],"22":[0,0],"23":[0,0],"24":[0,0],"25":[0,0],"26":[0,0],"27":[0,0],"28":[0,0]},"f":{"1":2,"2":2,"3":2,"4":2,"5":2,"6":2,"7":2,"8":2,"9":3,"10":1,"11":6,"12":0},"fnMap":{"1":{"name":"(anonymous_1)","line":26,"loc":{"start":{"line":26,"column":1},"end":{"line":26,"column":13}}},"2":{"name":"(anonymous_2)","line":33,"loc":{"start":{"line":33,"column":5},"end":{"line":33,"column":17}}},"3":{"name":"(anonymous_3)","line":37,"loc":{"start":{"line":37,"column":24},"end":{"line":37,"column":36}}},"4":{"name":"(anonymous_4)","line":69,"loc":{"start":{"line":69,"column":31},"end":{"line":69,"column":48}},"skip":true},"5":{"name":"(anonymous_5)","line":78,"loc":{"start":{"line":78,"column":26},"end":{"line":78,"column":45}},"skip":true},"6":{"name":"(anonymous_6)","line":123,"loc":{"start":{"line":123,"column":33},"end":{"line":123,"column":48}},"skip":true},"7":{"name":"(anonymous_7)","line":125,"loc":{"start":{"line":125,"column":27},"end":{"line":125,"column":39}},"skip":true},"8":{"name":"(anonymous_8)","line":133,"loc":{"start":{"line":133,"column":59},"end":{"line":133,"column":74}},"skip":true},"9":{"name":"(anonymous_9)","line":143,"loc":{"start":{"line":143,"column":45},"end":{"line":143,"column":62}},"skip":true},"10":{"name":"(anonymous_10)","line":144,"loc":{"start":{"line":144,"column":73},"end":{"line":144,"column":92}},"skip":true},"11":{"name":"(anonymous_11)","line":272,"loc":{"start":{"line":272,"column":51},"end":{"line":272,"column":77}},"skip":true},"12":{"name":"(anonymous_12)","line":314,"loc":{"start":{"line":314,"column":32},"end":{"line":314,"column":61}},"skip":true}},"statementMap":{"1":{"start":{"line":26,"column":0},"end":{"line":325,"column":5}},"2":{"start":{"line":28,"column":4},"end":{"line":28,"column":14}},"3":{"start":{"line":33,"column":4},"end":{"line":60,"column":9}},"4":{"start":{"line":35,"column":8},"end":{"line":35,"column":19}},"5":{"start":{"line":37,"column":8},"end":{"line":49,"column":13}},"6":{"start":{"line":38,"column":12},"end":{"line":48,"column":13}},"7":{"start":{"line":39,"column":16},"end":{"line":42,"column":30}},"8":{"start":{"line":44,"column":16},"end":{"line":47,"column":27}},"9":{"start":{"line":51,"column":8},"end":{"line":53,"column":21}},"10":{"start":{"line":55,"column":8},"end":{"line":57,"column":45}},"11":{"start":{"line":59,"column":8},"end":{"line":59,"column":35}},"12":{"start":{"line":61,"column":4},"end":{"line":324,"column":5}},"13":{"start":{"line":69,"column":8},"end":{"line":121,"column":10},"skip":true},"14":{"start":{"line":70,"column":12},"end":{"line":88,"column":13},"skip":true},"15":{"start":{"line":76,"column":16},"end":{"line":87,"column":19},"skip":true},"16":{"start":{"line":79,"column":20},"end":{"line":86,"column":21},"skip":true},"17":{"start":{"line":82,"column":24},"end":{"line":82,"column":43},"skip":true},"18":{"start":{"line":83,"column":24},"end":{"line":83,"column":30},"skip":true},"19":{"start":{"line":85,"column":24},"end":{"line":85,"column":49},"skip":true},"20":{"start":{"line":89,"column":12},"end":{"line":107,"column":13},"skip":true},"21":{"start":{"line":92,"column":16},"end":{"line":102,"column":17},"skip":true},"22":{"start":{"line":93,"column":20},"end":{"line":93,"column":86},"skip":true},"23":{"start":{"line":94,"column":20},"end":{"line":95,"column":45},"skip":true},"24":{"start":{"line":96,"column":20},"end":{"line":96,"column":42},"skip":true},"25":{"start":{"line":97,"column":20},"end":{"line":97,"column":48},"skip":true},"26":{"start":{"line":100,"column":20},"end":{"line":100,"column":85},"skip":true},"27":{"start":{"line":101,"column":20},"end":{"line":101,"column":96},"skip":true},"28":{"start":{"line":103,"column":16},"end":{"line":103,"column":22},"skip":true},"29":{"start":{"line":106,"column":16},"end":{"line":106,"column":22},"skip":true},"30":{"start":{"line":108,"column":12},"end":{"line":120,"column":13},"skip":true},"31":{"start":{"line":114,"column":16},"end":{"line":119,"column":17},"skip":true},"32":{"start":{"line":116,"column":20},"end":{"line":116,"column":78},"skip":true},"33":{"start":{"line":118,"column":20},"end":{"line":118,"column":53},"skip":true},"34":{"start":{"line":123,"column":8},"end":{"line":141,"column":11},"skip":true},"35":{"start":{"line":124,"column":12},"end":{"line":124,"column":54},"skip":true},"36":{"start":{"line":125,"column":12},"end":{"line":140,"column":14},"skip":true},"37":{"start":{"line":126,"column":16},"end":{"line":126,"column":28},"skip":true},"38":{"start":{"line":127,"column":16},"end":{"line":127,"column":69},"skip":true},"39":{"start":{"line":128,"column":16},"end":{"line":128,"column":75},"skip":true},"40":{"start":{"line":129,"column":16},"end":{"line":131,"column":17},"skip":true},"41":{"start":{"line":130,"column":20},"end":{"line":130,"column":27},"skip":true},"42":{"start":{"line":133,"column":16},"end":{"line":137,"column":36},"skip":true},"43":{"start":{"line":134,"column":20},"end":{"line":136,"column":55},"skip":true},"44":{"start":{"line":139,"column":16},"end":{"line":139,"column":57},"skip":true},"45":{"start":{"line":143,"column":8},"end":{"line":147,"column":11},"skip":true},"46":{"start":{"line":144,"column":12},"end":{"line":146,"column":15},"skip":true},"47":{"start":{"line":145,"column":16},"end":{"line":145,"column":70},"skip":true},"48":{"start":{"line":149,"column":8},"end":{"line":149,"column":31},"skip":true},"49":{"start":{"line":150,"column":8},"end":{"line":150,"column":14},"skip":true},"50":{"start":{"line":158,"column":8},"end":{"line":158,"column":31},"skip":true},"51":{"start":{"line":160,"column":8},"end":{"line":160,"column":33},"skip":true},"52":{"start":{"line":161,"column":8},"end":{"line":161,"column":37},"skip":true},"53":{"start":{"line":162,"column":8},"end":{"line":162,"column":35},"skip":true},"54":{"start":{"line":164,"column":8},"end":{"line":164,"column":50},"skip":true},"55":{"start":{"line":166,"column":8},"end":{"line":256,"column":2},"skip":true},"56":{"start":{"line":258,"column":8},"end":{"line":286,"column":9},"skip":true},"57":{"start":{"line":259,"column":12},"end":{"line":269,"column":14},"skip":true},"58":{"start":{"line":271,"column":12},"end":{"line":285,"column":19},"skip":true},"59":{"start":{"line":274,"column":20},"end":{"line":274,"column":35},"skip":true},"60":{"start":{"line":275,"column":20},"end":{"line":284,"column":21},"skip":true},"61":{"start":{"line":277,"column":24},"end":{"line":277,"column":64},"skip":true},"62":{"start":{"line":279,"column":24},"end":{"line":279,"column":40},"skip":true},"63":{"start":{"line":281,"column":24},"end":{"line":281,"column":40},"skip":true},"64":{"start":{"line":283,"column":24},"end":{"line":283,"column":39},"skip":true},"65":{"start":{"line":288,"column":8},"end":{"line":290,"column":9},"skip":true},"66":{"start":{"line":289,"column":12},"end":{"line":289,"column":18},"skip":true},"67":{"start":{"line":291,"column":8},"end":{"line":293,"column":54},"skip":true},"68":{"start":{"line":294,"column":8},"end":{"line":301,"column":37},"skip":true},"69":{"start":{"line":302,"column":8},"end":{"line":302,"column":82},"skip":true},"70":{"start":{"line":305,"column":8},"end":{"line":307,"column":9},"skip":true},"71":{"start":{"line":306,"column":12},"end":{"line":306,"column":82},"skip":true},"72":{"start":{"line":309,"column":8},"end":{"line":311,"column":9},"skip":true},"73":{"start":{"line":310,"column":12},"end":{"line":310,"column":18},"skip":true},"74":{"start":{"line":312,"column":8},"end":{"line":312,"column":54},"skip":true},"75":{"start":{"line":313,"column":8},"end":{"line":313,"column":69},"skip":true},"76":{"start":{"line":314,"column":8},"end":{"line":322,"column":36},"skip":true},"77":{"start":{"line":315,"column":12},"end":{"line":315,"column":61},"skip":true},"78":{"start":{"line":316,"column":12},"end":{"line":319,"column":13},"skip":true},"79":{"start":{"line":317,"column":16},"end":{"line":317,"column":75},"skip":true},"80":{"start":{"line":318,"column":16},"end":{"line":318,"column":23},"skip":true},"81":{"start":{"line":320,"column":12},"end":{"line":320,"column":38},"skip":true},"82":{"start":{"line":321,"column":12},"end":{"line":321,"column":27},"skip":true},"83":{"start":{"line":323,"column":8},"end":{"line":323,"column":14},"skip":true}},"branchMap":{"1":{"line":39,"type":"binary-expr","locations":[{"start":{"line":39,"column":23},"end":{"line":39,"column":62}},{"start":{"line":40,"column":20},"end":{"line":40,"column":70}},{"start":{"line":41,"column":20},"end":{"line":41,"column":71}},{"start":{"line":42,"column":20},"end":{"line":42,"column":29}}]},"2":{"line":44,"type":"binary-expr","locations":[{"start":{"line":44,"column":23},"end":{"line":44,"column":37}},{"start":{"line":45,"column":20},"end":{"line":45,"column":61}},{"start":{"line":46,"column":20},"end":{"line":46,"column":70}},{"start":{"line":47,"column":20},"end":{"line":47,"column":26}}]},"3":{"line":51,"type":"cond-expr","locations":[{"start":{"line":52,"column":14},"end":{"line":52,"column":20}},{"start":{"line":53,"column":14},"end":{"line":53,"column":20}}]},"4":{"line":55,"type":"binary-expr","locations":[{"start":{"line":55,"column":16},"end":{"line":55,"column":44}},{"start":{"line":55,"column":49},"end":{"line":57,"column":43}}]},"5":{"line":55,"type":"cond-expr","locations":[{"start":{"line":56,"column":14},"end":{"line":56,"column":55}},{"start":{"line":57,"column":14},"end":{"line":57,"column":43}}]},"6":{"line":61,"type":"switch","locations":[{"start":{"line":68,"column":4},"end":{"line":150,"column":14},"skip":true},{"start":{"line":156,"column":4},"end":{"line":323,"column":14},"skip":true}]},"7":{"line":70,"type":"if","locations":[{"start":{"line":70,"column":12},"end":{"line":70,"column":12},"skip":true},{"start":{"line":70,"column":12},"end":{"line":70,"column":12},"skip":true}]},"8":{"line":70,"type":"binary-expr","locations":[{"start":{"line":70,"column":16},"end":{"line":70,"column":22},"skip":true},{"start":{"line":70,"column":27},"end":{"line":70,"column":32},"skip":true},{"start":{"line":71,"column":20},"end":{"line":71,"column":39},"skip":true},{"start":{"line":72,"column":20},"end":{"line":72,"column":49},"skip":true},{"start":{"line":73,"column":20},"end":{"line":73,"column":58},"skip":true},{"start":{"line":74,"column":20},"end":{"line":74,"column":69},"skip":true}]},"9":{"line":79,"type":"switch","locations":[{"start":{"line":80,"column":20},"end":{"line":80,"column":33},"skip":true},{"start":{"line":81,"column":20},"end":{"line":83,"column":30},"skip":true},{"start":{"line":84,"column":20},"end":{"line":85,"column":49},"skip":true}]},"10":{"line":89,"type":"switch","locations":[{"start":{"line":90,"column":12},"end":{"line":103,"column":22},"skip":true},{"start":{"line":105,"column":12},"end":{"line":106,"column":22},"skip":true}]},"11":{"line":89,"type":"binary-expr","locations":[{"start":{"line":89,"column":20},"end":{"line":89,"column":25},"skip":true},{"start":{"line":89,"column":29},"end":{"line":89,"column":48},"skip":true},{"start":{"line":89,"column":52},"end":{"line":89,"column":74},"skip":true}]},"12":{"line":92,"type":"if","locations":[{"start":{"line":92,"column":16},"end":{"line":92,"column":16},"skip":true},{"start":{"line":92,"column":16},"end":{"line":92,"column":16},"skip":true}]},"13":{"line":108,"type":"if","locations":[{"start":{"line":108,"column":12},"end":{"line":108,"column":12},"skip":true},{"start":{"line":108,"column":12},"end":{"line":108,"column":12},"skip":true}]},"14":{"line":108,"type":"binary-expr","locations":[{"start":{"line":108,"column":16},"end":{"line":108,"column":61},"skip":true},{"start":{"line":108,"column":66},"end":{"line":108,"column":72},"skip":true},{"start":{"line":108,"column":77},"end":{"line":108,"column":82},"skip":true},{"start":{"line":109,"column":20},"end":{"line":109,"column":39},"skip":true},{"start":{"line":110,"column":20},"end":{"line":110,"column":49},"skip":true},{"start":{"line":111,"column":20},"end":{"line":111,"column":58},"skip":true},{"start":{"line":112,"column":20},"end":{"line":112,"column":68},"skip":true}]},"15":{"line":129,"type":"if","locations":[{"start":{"line":129,"column":16},"end":{"line":129,"column":16},"skip":true},{"start":{"line":129,"column":16},"end":{"line":129,"column":16},"skip":true}]},"16":{"line":134,"type":"cond-expr","locations":[{"start":{"line":135,"column":26},"end":{"line":135,"column":29},"skip":true},{"start":{"line":136,"column":26},"end":{"line":136,"column":54},"skip":true}]},"17":{"line":164,"type":"binary-expr","locations":[{"start":{"line":164,"column":27},"end":{"line":164,"column":43},"skip":true},{"start":{"line":164,"column":47},"end":{"line":164,"column":49},"skip":true}]},"18":{"line":258,"type":"if","locations":[{"start":{"line":258,"column":8},"end":{"line":258,"column":8},"skip":true},{"start":{"line":258,"column":8},"end":{"line":258,"column":8},"skip":true}]},"19":{"line":275,"type":"switch","locations":[{"start":{"line":276,"column":20},"end":{"line":277,"column":64},"skip":true},{"start":{"line":278,"column":20},"end":{"line":279,"column":40},"skip":true},{"start":{"line":280,"column":20},"end":{"line":281,"column":40},"skip":true},{"start":{"line":282,"column":20},"end":{"line":283,"column":39},"skip":true}]},"20":{"line":288,"type":"if","locations":[{"start":{"line":288,"column":8},"end":{"line":288,"column":8},"skip":true},{"start":{"line":288,"column":8},"end":{"line":288,"column":8},"skip":true}]},"21":{"line":288,"type":"binary-expr","locations":[{"start":{"line":288,"column":12},"end":{"line":288,"column":40},"skip":true},{"start":{"line":288,"column":44},"end":{"line":288,"column":67},"skip":true}]},"22":{"line":292,"type":"binary-expr","locations":[{"start":{"line":292,"column":12},"end":{"line":292,"column":50},"skip":true},{"start":{"line":293,"column":12},"end":{"line":293,"column":53},"skip":true}]},"23":{"line":295,"type":"binary-expr","locations":[{"start":{"line":295,"column":12},"end":{"line":295,"column":69},"skip":true},{"start":{"line":296,"column":12},"end":{"line":301,"column":36},"skip":true}]},"24":{"line":302,"type":"binary-expr","locations":[{"start":{"line":302,"column":43},"end":{"line":302,"column":75},"skip":true},{"start":{"line":302,"column":79},"end":{"line":302,"column":81},"skip":true}]},"25":{"line":305,"type":"if","locations":[{"start":{"line":305,"column":8},"end":{"line":305,"column":8},"skip":true},{"start":{"line":305,"column":8},"end":{"line":305,"column":8},"skip":true}]},"26":{"line":309,"type":"if","locations":[{"start":{"line":309,"column":8},"end":{"line":309,"column":8},"skip":true},{"start":{"line":309,"column":8},"end":{"line":309,"column":8},"skip":true}]},"27":{"line":312,"type":"binary-expr","locations":[{"start":{"line":312,"column":27},"end":{"line":312,"column":43},"skip":true},{"start":{"line":312,"column":47},"end":{"line":312,"column":53},"skip":true}]},"28":{"line":316,"type":"if","locations":[{"start":{"line":316,"column":12},"end":{"line":316,"column":12},"skip":true},{"start":{"line":316,"column":12},"end":{"line":316,"column":12},"skip":true}]}},"code":["/*","example.js","","quickstart example","","instruction","    1. save this script as example.js","    2. run the shell command:","        $ npm install npmtest-gulp-jshint && PORT=8081 node example.js","    3. play with the browser-demo on http://127.0.0.1:8081","*/","","","","/* istanbul instrument in package npmtest_gulp_jshint */","/*jslint","    bitwise: true,","    browser: true,","    maxerr: 8,","    maxlen: 96,","    node: true,","    nomen: true,","    regexp: true,","    stupid: true","*/","(function () {","    'use strict';","    var local;","","","","    // run shared js-env code - pre-init","    (function () {","        // init local","        local = {};","        // init modeJs","        local.modeJs = (function () {","            try {","                return typeof navigator.userAgent === 'string' &&","                    typeof document.querySelector('body') === 'object' &&","                    typeof XMLHttpRequest.prototype.open === 'function' &&","                    'browser';","            } catch (errorCaughtBrowser) {","                return module.exports &&","                    typeof process.versions.node === 'string' &&","                    typeof require('http').createServer === 'function' &&","                    'node';","            }","        }());","        // init global","        local.global = local.modeJs === 'browser'","            ? window","            : global;","        // init utility2_rollup","        local = local.global.utility2_rollup || (local.modeJs === 'browser'","            ? local.global.utility2_npmtest_gulp_jshint","            : global.utility2_moduleExports);","        // export local","        local.global.local = local;","    }());","    switch (local.modeJs) {","","","","    // post-init","    // run browser js-env code - post-init","    /* istanbul ignore next */","    case 'browser':","        local.testRunBrowser = function (event) {","            if (!event || (event &&","                    event.currentTarget &&","                    event.currentTarget.className &&","                    event.currentTarget.className.includes &&","                    event.currentTarget.className.includes('onreset'))) {","                // reset output","                Array.from(","                    document.querySelectorAll('body > .resettable')","                ).forEach(function (element) {","                    switch (element.tagName) {","                    case 'INPUT':","                    case 'TEXTAREA':","                        element.value = '';","                        break;","                    default:","                        element.textContent = '';","                    }","                });","            }","            switch (event && event.currentTarget && event.currentTarget.id) {","            case 'testRunButton1':","                // show tests","                if (document.querySelector('#testReportDiv1').style.display === 'none') {","                    document.querySelector('#testReportDiv1').style.display = 'block';","                    document.querySelector('#testRunButton1').textContent =","                        'hide internal test';","                    local.modeTest = true;","                    local.testRunDefault(local);","                // hide tests","                } else {","                    document.querySelector('#testReportDiv1').style.display = 'none';","                    document.querySelector('#testRunButton1').textContent = 'run internal test';","                }","                break;","            // custom-case","            default:","                break;","            }","            if (document.querySelector('#inputTextareaEval1') && (!event || (event &&","                    event.currentTarget &&","                    event.currentTarget.className &&","                    event.currentTarget.className.includes &&","                    event.currentTarget.className.includes('oneval')))) {","                // try to eval input-code","                try {","                    /*jslint evil: true*/","                    eval(document.querySelector('#inputTextareaEval1').value);","                } catch (errorCaught) {","                    console.error(errorCaught.stack);","                }","            }","        };","        // log stderr and stdout to #outputTextareaStdout1","        ['error', 'log'].forEach(function (key) {","            console[key + '_original'] = console[key];","            console[key] = function () {","                var element;","                console[key + '_original'].apply(console, arguments);","                element = document.querySelector('#outputTextareaStdout1');","                if (!element) {","                    return;","                }","                // append text to #outputTextareaStdout1","                element.value += Array.from(arguments).map(function (arg) {","                    return typeof arg === 'string'","                        ? arg","                        : JSON.stringify(arg, null, 4);","                }).join(' ') + '\\n';","                // scroll textarea to bottom","                element.scrollTop = element.scrollHeight;","            };","        });","        // init event-handling","        ['change', 'click', 'keyup'].forEach(function (event) {","            Array.from(document.querySelectorAll('.on' + event)).forEach(function (element) {","                element.addEventListener(event, local.testRunBrowser);","            });","        });","        // run tests","        local.testRunBrowser();","        break;","","","","    // run node js-env code - post-init","    /* istanbul ignore next */","    case 'node':","        // export local","        module.exports = local;","        // require modules","        local.fs = require('fs');","        local.http = require('http');","        local.url = require('url');","        // init assets","        local.assetsDict = local.assetsDict || {};","        /* jslint-ignore-begin */","        local.assetsDict['/assets.index.template.html'] = '\\","<!doctype html>\\n\\","<html lang=\"en\">\\n\\","<head>\\n\\","<meta charset=\"UTF-8\">\\n\\","<meta name=\"viewport\" content=\"width=device-width, initial-scale=1\">\\n\\","<title>{{env.npm_package_name}} (v{{env.npm_package_version}})</title>\\n\\","<style>\\n\\","/*csslint\\n\\","    box-sizing: false,\\n\\","    universal-selector: false\\n\\","*/\\n\\","* {\\n\\","    box-sizing: border-box;\\n\\","}\\n\\","body {\\n\\","    background: #dde;\\n\\","    font-family: Arial, Helvetica, sans-serif;\\n\\","    margin: 2rem;\\n\\","}\\n\\","body > * {\\n\\","    margin-bottom: 1rem;\\n\\","}\\n\\",".utility2FooterDiv {\\n\\","    margin-top: 20px;\\n\\","    text-align: center;\\n\\","}\\n\\","</style>\\n\\","<style>\\n\\","/*csslint\\n\\","*/\\n\\","textarea {\\n\\","    font-family: monospace;\\n\\","    height: 10rem;\\n\\","    width: 100%;\\n\\","}\\n\\","textarea[readonly] {\\n\\","    background: #ddd;\\n\\","}\\n\\","</style>\\n\\","</head>\\n\\","<body>\\n\\","<!-- utility2-comment\\n\\","<div id=\"ajaxProgressDiv1\" style=\"background: #d00; height: 2px; left: 0; margin: 0; padding: 0; position: fixed; top: 0; transition: background 0.5s, width 1.5s; width: 25%;\"></div>\\n\\","utility2-comment -->\\n\\","<h1>\\n\\","<!-- utility2-comment\\n\\","    <a\\n\\","        {{#if env.npm_package_homepage}}\\n\\","        href=\"{{env.npm_package_homepage}}\"\\n\\","        {{/if env.npm_package_homepage}}\\n\\","        target=\"_blank\"\\n\\","    >\\n\\","utility2-comment -->\\n\\","        {{env.npm_package_name}} (v{{env.npm_package_version}})\\n\\","<!-- utility2-comment\\n\\","    </a>\\n\\","utility2-comment -->\\n\\","</h1>\\n\\","<h3>{{env.npm_package_description}}</h3>\\n\\","<!-- utility2-comment\\n\\","<h4><a download href=\"assets.app.js\">download standalone app</a></h4>\\n\\","<button class=\"onclick onreset\" id=\"testRunButton1\">run internal test</button><br>\\n\\","<div id=\"testReportDiv1\" style=\"display: none;\"></div>\\n\\","utility2-comment -->\\n\\","\\n\\","\\n\\","\\n\\","<label>stderr and stdout</label>\\n\\","<textarea class=\"resettable\" id=\"outputTextareaStdout1\" readonly></textarea>\\n\\","<!-- utility2-comment\\n\\","{{#if isRollup}}\\n\\","<script src=\"assets.app.js\"></script>\\n\\","{{#unless isRollup}}\\n\\","utility2-comment -->\\n\\","<script src=\"assets.utility2.rollup.js\"></script>\\n\\","<script src=\"jsonp.utility2._stateInit?callback=window.utility2._stateInit\"></script>\\n\\","<script src=\"assets.npmtest_gulp_jshint.rollup.js\"></script>\\n\\","<script src=\"assets.example.js\"></script>\\n\\","<script src=\"assets.test.js\"></script>\\n\\","<!-- utility2-comment\\n\\","{{/if isRollup}}\\n\\","utility2-comment -->\\n\\","<div class=\"utility2FooterDiv\">\\n\\","    [ this app was created with\\n\\","    <a href=\"https://github.com/kaizhu256/node-utility2\" target=\"_blank\">utility2</a>\\n\\","    ]\\n\\","</div>\\n\\","</body>\\n\\","</html>\\n\\","';","        /* jslint-ignore-end */","        if (local.templateRender) {","            local.assetsDict['/'] = local.templateRender(","                local.assetsDict['/assets.index.template.html'],","                {","                    env: local.objectSetDefault(local.env, {","                        npm_package_description: 'the greatest app in the world!',","                        npm_package_name: 'my-app',","                        npm_package_nameAlias: 'my_app',","                        npm_package_version: '0.0.1'","                    })","                }","            );","        } else {","            local.assetsDict['/'] = local.assetsDict['/assets.index.template.html']","                .replace((/\\{\\{env\\.(\\w+?)\\}\\}/g), function (match0, match1) {","                    // jslint-hack","                    String(match0);","                    switch (match1) {","                    case 'npm_package_description':","                        return 'the greatest app in the world!';","                    case 'npm_package_name':","                        return 'my-app';","                    case 'npm_package_nameAlias':","                        return 'my_app';","                    case 'npm_package_version':","                        return '0.0.1';","                    }","                });","        }","        // run the cli","        if (local.global.utility2_rollup || module !== require.main) {","            break;","        }","        local.assetsDict['/assets.example.js'] =","            local.assetsDict['/assets.example.js'] ||","            local.fs.readFileSync(__filename, 'utf8');","        local.assetsDict['/assets.npmtest_gulp_jshint.rollup.js'] =","            local.assetsDict['/assets.npmtest_gulp_jshint.rollup.js'] ||","            local.fs.readFileSync(","                // buildCustomOrg-hack","                local.npmtest_gulp_jshint.__dirname +","                    '/lib.npmtest_gulp_jshint.js',","                'utf8'","            ).replace((/^#!/), '//');","        local.assetsDict['/favicon.ico'] = local.assetsDict['/favicon.ico'] || '';","        // if $npm_config_timeout_exit exists,","        // then exit this process after $npm_config_timeout_exit ms","        if (Number(process.env.npm_config_timeout_exit)) {","            setTimeout(process.exit, Number(process.env.npm_config_timeout_exit));","        }","        // start server","        if (local.global.utility2_serverHttp1) {","            break;","        }","        process.env.PORT = process.env.PORT || '8081';","        console.error('server starting on port ' + process.env.PORT);","        local.http.createServer(function (request, response) {","            request.urlParsed = local.url.parse(request.url);","            if (local.assetsDict[request.urlParsed.pathname] !== undefined) {","                response.end(local.assetsDict[request.urlParsed.pathname]);","                return;","            }","            response.statusCode = 404;","            response.end();","        }).listen(process.env.PORT);","        break;","    }","}());",""],"l":{"26":2,"28":2,"33":2,"35":2,"37":2,"38":2,"39":2,"44":1,"51":2,"55":2,"59":2,"61":2,"69":1,"70":2,"76":2,"79":2,"82":2,"83":2,"85":1,"89":2,"92":1,"93":1,"94":1,"96":1,"97":1,"100":1,"101":1,"103":1,"106":1,"108":2,"114":1,"116":1,"118":1,"123":1,"124":2,"125":2,"126":2,"127":2,"128":2,"129":2,"130":1,"133":2,"134":2,"139":2,"143":1,"144":3,"145":1,"149":1,"150":1,"158":1,"160":1,"161":1,"162":1,"164":1,"166":1,"258":1,"259":1,"271":1,"274":6,"275":6,"277":1,"279":2,"281":1,"283":2,"288":1,"289":1,"291":1,"294":1,"302":1,"305":1,"306":1,"309":1,"310":1,"312":1,"313":1,"314":1,"315":1,"316":1,"317":1,"318":1,"320":1,"321":1,"323":1}},"/home/travis/build/npmtest/node-npmtest-gulp-jshint/gulp-jshint/src/index.js":{"path":"/home/travis/build/npmtest/node-npmtest-gulp-jshint/gulp-jshint/src/index.js","s":{"1":1,"2":1,"3":1,"4":1,"5":1,"6":1,"7":0,"8":0,"9":0,"10":0,"11":0,"12":0,"13":0,"14":0,"15":0,"16":0,"17":0,"18":1,"19":1,"20":1,"21":1,"22":1},"b":{"1":[0,0],"2":[0,0],"3":[0,0]},"f":{"1":0,"2":0,"3":0,"4":0},"fnMap":{"1":{"name":"(anonymous_1)","line":7,"loc":{"start":{"line":7,"column":19},"end":{"line":7,"column":34}}},"2":{"name":"(anonymous_2)","line":10,"loc":{"start":{"line":10,"column":16},"end":{"line":10,"column":36}}},"3":{"name":"(anonymous_3)","line":11,"loc":{"start":{"line":11,"column":22},"end":{"line":11,"column":46}}},"4":{"name":"(anonymous_4)","line":15,"loc":{"start":{"line":15,"column":17},"end":{"line":15,"column":32}}}},"statementMap":{"1":{"start":{"line":1,"column":0},"end":{"line":1,"column":39}},"2":{"start":{"line":2,"column":0},"end":{"line":2,"column":35}},"3":{"start":{"line":3,"column":0},"end":{"line":3,"column":43}},"4":{"start":{"line":4,"column":0},"end":{"line":4,"column":33}},"5":{"start":{"line":5,"column":0},"end":{"line":5,"column":33}},"6":{"start":{"line":7,"column":0},"end":{"line":21,"column":2}},"7":{"start":{"line":8,"column":2},"end":{"line":8,"column":27}},"8":{"start":{"line":10,"column":2},"end":{"line":20,"column":5}},"9":{"start":{"line":11,"column":4},"end":{"line":19,"column":7}},"10":{"start":{"line":12,"column":6},"end":{"line":12,"column":30}},"11":{"start":{"line":12,"column":15},"end":{"line":12,"column":30}},"12":{"start":{"line":13,"column":6},"end":{"line":13,"column":41}},"13":{"start":{"line":13,"column":19},"end":{"line":13,"column":41}},"14":{"start":{"line":15,"column":6},"end":{"line":18,"column":9}},"15":{"start":{"line":16,"column":8},"end":{"line":16,"column":32}},"16":{"start":{"line":16,"column":17},"end":{"line":16,"column":32}},"17":{"start":{"line":17,"column":8},"end":{"line":17,"column":23}},"18":{"start":{"line":24,"column":0},"end":{"line":24,"column":43}},"19":{"start":{"line":25,"column":0},"end":{"line":25,"column":51}},"20":{"start":{"line":26,"column":0},"end":{"line":26,"column":43}},"21":{"start":{"line":29,"column":0},"end":{"line":29,"column":31}},"22":{"start":{"line":31,"column":0},"end":{"line":31,"column":30}}},"branchMap":{"1":{"line":12,"type":"if","locations":[{"start":{"line":12,"column":6},"end":{"line":12,"column":6}},{"start":{"line":12,"column":6},"end":{"line":12,"column":6}}]},"2":{"line":13,"type":"if","locations":[{"start":{"line":13,"column":6},"end":{"line":13,"column":6}},{"start":{"line":13,"column":6},"end":{"line":13,"column":6}}]},"3":{"line":16,"type":"if","locations":[{"start":{"line":16,"column":8},"end":{"line":16,"column":8}},{"start":{"line":16,"column":8},"end":{"line":16,"column":8}}]}},"code":["var reporters = require('./reporters');","var extract = require('./extract');","var fileIgnored = require('./fileIgnored');","var makeLint = require('./lint');","var stream = require('./stream');","","var jshintPlugin = function (opt) {","  var lint = makeLint(opt);","","  return stream(function (file, cb) {","    fileIgnored(file, function (err, ignored) {","      if (err) return cb(err);","      if (ignored) return cb(null, file);","","      lint(file, function (err) {","        if (err) return cb(err);","        cb(null, file);","      });","    });","  });","};","","// expose the reporters","jshintPlugin.failReporter = reporters.fail;","jshintPlugin.loadReporter = reporters.loadReporter;","jshintPlugin.reporter = reporters.reporter;","","// export the extractor","jshintPlugin.extract = extract;","","module.exports = jshintPlugin;",""],"l":{"1":1,"2":1,"3":1,"4":1,"5":1,"7":1,"8":0,"10":0,"11":0,"12":0,"13":0,"15":0,"16":0,"17":0,"24":1,"25":1,"26":1,"29":1,"31":1}},"/home/travis/build/npmtest/node-npmtest-gulp-jshint/gulp-jshint/src/reporters/index.js":{"path":"/home/travis/build/npmtest/node-npmtest-gulp-jshint/gulp-jshint/src/reporters/index.js","s":{"1":1,"2":1,"3":1,"4":1,"5":1,"6":0,"7":0,"8":0,"9":0,"10":0,"11":0,"12":0,"13":0,"14":0,"15":0,"16":1,"17":0,"18":0,"19":0,"20":0,"21":0,"22":0,"23":0,"24":0,"25":0,"26":0,"27":0},"b":{"1":[0,0],"2":[0,0],"3":[0,0],"4":[0,0],"5":[0,0],"6":[0,0],"7":[0,0],"8":[0,0],"9":[0,0],"10":[0,0],"11":[0,0,0]},"f":{"1":0,"2":0,"3":0},"fnMap":{"1":{"name":"(anonymous_1)","line":7,"loc":{"start":{"line":7,"column":23},"end":{"line":7,"column":43}}},"2":{"name":"(anonymous_2)","line":29,"loc":{"start":{"line":29,"column":19},"end":{"line":29,"column":52}}},"3":{"name":"(anonymous_3)","line":43,"loc":{"start":{"line":43,"column":16},"end":{"line":43,"column":36}}}},"statementMap":{"1":{"start":{"line":1,"column":0},"end":{"line":1,"column":51}},"2":{"start":{"line":2,"column":0},"end":{"line":2,"column":34}},"3":{"start":{"line":3,"column":0},"end":{"line":3,"column":42}},"4":{"start":{"line":5,"column":0},"end":{"line":5,"column":41}},"5":{"start":{"line":7,"column":0},"end":{"line":27,"column":2}},"6":{"start":{"line":9,"column":2},"end":{"line":9,"column":54}},"7":{"start":{"line":9,"column":38},"end":{"line":9,"column":54}},"8":{"start":{"line":12,"column":2},"end":{"line":12,"column":104}},"9":{"start":{"line":12,"column":79},"end":{"line":12,"column":104}},"10":{"start":{"line":15,"column":2},"end":{"line":19,"column":3}},"11":{"start":{"line":16,"column":4},"end":{"line":18,"column":20}},"12":{"start":{"line":17,"column":6},"end":{"line":17,"column":79}},"13":{"start":{"line":22,"column":2},"end":{"line":26,"column":3}},"14":{"start":{"line":23,"column":4},"end":{"line":25,"column":20}},"15":{"start":{"line":24,"column":6},"end":{"line":24,"column":53}},"16":{"start":{"line":29,"column":0},"end":{"line":53,"column":2}},"17":{"start":{"line":30,"column":2},"end":{"line":30,"column":34}},"18":{"start":{"line":32,"column":2},"end":{"line":34,"column":3}},"19":{"start":{"line":33,"column":4},"end":{"line":33,"column":45}},"20":{"start":{"line":36,"column":2},"end":{"line":36,"column":56}},"21":{"start":{"line":38,"column":2},"end":{"line":40,"column":3}},"22":{"start":{"line":39,"column":4},"end":{"line":39,"column":61}},"23":{"start":{"line":43,"column":2},"end":{"line":52,"column":5}},"24":{"start":{"line":44,"column":4},"end":{"line":49,"column":5}},"25":{"start":{"line":46,"column":6},"end":{"line":46,"column":59}},"26":{"start":{"line":48,"column":6},"end":{"line":48,"column":54}},"27":{"start":{"line":51,"column":4},"end":{"line":51,"column":19}}},"branchMap":{"1":{"line":9,"type":"if","locations":[{"start":{"line":9,"column":2},"end":{"line":9,"column":2}},{"start":{"line":9,"column":2},"end":{"line":9,"column":2}}]},"2":{"line":12,"type":"if","locations":[{"start":{"line":12,"column":2},"end":{"line":12,"column":2}},{"start":{"line":12,"column":2},"end":{"line":12,"column":2}}]},"3":{"line":12,"type":"binary-expr","locations":[{"start":{"line":12,"column":6},"end":{"line":12,"column":34}},{"start":{"line":12,"column":38},"end":{"line":12,"column":77}}]},"4":{"line":15,"type":"if","locations":[{"start":{"line":15,"column":2},"end":{"line":15,"column":2}},{"start":{"line":15,"column":2},"end":{"line":15,"column":2}}]},"5":{"line":22,"type":"if","locations":[{"start":{"line":22,"column":2},"end":{"line":22,"column":2}},{"start":{"line":22,"column":2},"end":{"line":22,"column":2}}]},"6":{"line":30,"type":"binary-expr","locations":[{"start":{"line":30,"column":16},"end":{"line":30,"column":27}},{"start":{"line":30,"column":31},"end":{"line":30,"column":33}}]},"7":{"line":32,"type":"if","locations":[{"start":{"line":32,"column":2},"end":{"line":32,"column":2}},{"start":{"line":32,"column":2},"end":{"line":32,"column":2}}]},"8":{"line":36,"type":"binary-expr","locations":[{"start":{"line":36,"column":33},"end":{"line":36,"column":41}},{"start":{"line":36,"column":45},"end":{"line":36,"column":54}}]},"9":{"line":38,"type":"if","locations":[{"start":{"line":38,"column":2},"end":{"line":38,"column":2}},{"start":{"line":38,"column":2},"end":{"line":38,"column":2}}]},"10":{"line":44,"type":"if","locations":[{"start":{"line":44,"column":4},"end":{"line":44,"column":4}},{"start":{"line":44,"column":4},"end":{"line":44,"column":4}}]},"11":{"line":44,"type":"binary-expr","locations":[{"start":{"line":44,"column":8},"end":{"line":44,"column":19}},{"start":{"line":44,"column":23},"end":{"line":44,"column":43}},{"start":{"line":44,"column":47},"end":{"line":44,"column":67}}]}},"code":["var PluginError = require('gulp-util').PluginError;","var stream = require('../stream');","var defaults = require('lodash/defaults');","","exports.failReporter = require('./fail');","","exports.loadReporter = function (reporter) {","  // we want the function","  if (typeof reporter === 'function') return reporter;","","  // object reporters","  if (typeof reporter === 'object' && typeof reporter.reporter === 'function') return reporter.reporter;","","  // load jshint built-in reporters","  if (typeof reporter === 'string') {","    try {","      return exports.loadReporter(require('jshint/src/reporters/' + reporter));","    } catch (err) {}","  }","","  // load full-path or module reporters","  if (typeof reporter === 'string') {","    try {","      return exports.loadReporter(require(reporter));","    } catch (err) {}","  }","};","","exports.reporter = function (reporter, reporterCfg) {","  reporterCfg = reporterCfg || {};","","  if (reporter === 'fail') {","    return exports.failReporter(reporterCfg);","  }","","  var rpt = exports.loadReporter(reporter || 'default');","","  if (typeof rpt !== 'function') {","    throw new PluginError('gulp-jshint', 'Invalid reporter');","  }","","  // return stream that reports stuff","  return stream(function (file, cb) {","    if (file.jshint && !file.jshint.success && !file.jshint.ignored) {","      // merge the reporter config into this files config","      var opt = defaults({}, reporterCfg, file.jshint.opt);","","      rpt(file.jshint.results, file.jshint.data, opt);","    }","","    cb(null, file);","  });","};",""],"l":{"1":1,"2":1,"3":1,"5":1,"7":1,"9":0,"12":0,"15":0,"16":0,"17":0,"22":0,"23":0,"24":0,"29":1,"30":0,"32":0,"33":0,"36":0,"38":0,"39":0,"43":0,"44":0,"46":0,"48":0,"51":0}},"/home/travis/build/npmtest/node-npmtest-gulp-jshint/gulp-jshint/src/stream.js":{"path":"/home/travis/build/npmtest/node-npmtest-gulp-jshint/gulp-jshint/src/stream.js","s":{"1":1,"2":1,"3":0,"4":0,"5":0,"6":0,"7":0,"8":0,"9":0,"10":0,"11":0,"12":0,"13":0,"14":0,"15":0,"16":0,"17":0,"18":0,"19":0,"20":0,"21":0,"22":0,"23":0,"24":0,"25":0,"26":0},"b":{"1":[0,0],"2":[0,0],"3":[0,0],"4":[0,0],"5":[0,0],"6":[0,0],"7":[0,0],"8":[0,0]},"f":{"1":0,"2":0,"3":0,"4":0,"5":0},"fnMap":{"1":{"name":"(anonymous_1)","line":3,"loc":{"start":{"line":3,"column":17},"end":{"line":3,"column":51}}},"2":{"name":"(anonymous_2)","line":11,"loc":{"start":{"line":11,"column":47},"end":{"line":11,"column":60}}},"3":{"name":"(anonymous_3)","line":16,"loc":{"start":{"line":16,"column":43},"end":{"line":16,"column":68}}},"4":{"name":"(anonymous_4)","line":17,"loc":{"start":{"line":17,"column":15},"end":{"line":17,"column":35}}},"5":{"name":"(anonymous_5)","line":31,"loc":{"start":{"line":31,"column":5},"end":{"line":31,"column":21}}}},"statementMap":{"1":{"start":{"line":1,"column":0},"end":{"line":1,"column":35}},"2":{"start":{"line":3,"column":0},"end":{"line":40,"column":2}},"3":{"start":{"line":4,"column":2},"end":{"line":8,"column":3}},"4":{"start":{"line":5,"column":4},"end":{"line":5,"column":20}},"5":{"start":{"line":6,"column":4},"end":{"line":6,"column":21}},"6":{"start":{"line":7,"column":4},"end":{"line":7,"column":16}},"7":{"start":{"line":11,"column":2},"end":{"line":11,"column":78}},"8":{"start":{"line":11,"column":37},"end":{"line":11,"column":78}},"9":{"start":{"line":11,"column":62},"end":{"line":11,"column":75}},"10":{"start":{"line":14,"column":2},"end":{"line":14,"column":34}},"11":{"start":{"line":16,"column":2},"end":{"line":37,"column":5}},"12":{"start":{"line":17,"column":4},"end":{"line":22,"column":6}},"13":{"start":{"line":18,"column":6},"end":{"line":18,"column":38}},"14":{"start":{"line":18,"column":15},"end":{"line":18,"column":38}},"15":{"start":{"line":19,"column":6},"end":{"line":19,"column":29}},"16":{"start":{"line":19,"column":15},"end":{"line":19,"column":29}},"17":{"start":{"line":21,"column":6},"end":{"line":21,"column":12}},"18":{"start":{"line":25,"column":4},"end":{"line":30,"column":5}},"19":{"start":{"line":26,"column":6},"end":{"line":26,"column":35}},"20":{"start":{"line":28,"column":6},"end":{"line":28,"column":29}},"21":{"start":{"line":29,"column":6},"end":{"line":29,"column":13}},"22":{"start":{"line":32,"column":4},"end":{"line":34,"column":5}},"23":{"start":{"line":33,"column":6},"end":{"line":33,"column":29}},"24":{"start":{"line":36,"column":4},"end":{"line":36,"column":45}},"25":{"start":{"line":36,"column":38},"end":{"line":36,"column":45}},"26":{"start":{"line":39,"column":2},"end":{"line":39,"column":13}}},"branchMap":{"1":{"line":4,"type":"if","locations":[{"start":{"line":4,"column":2},"end":{"line":4,"column":2}},{"start":{"line":4,"column":2},"end":{"line":4,"column":2}}]},"2":{"line":11,"type":"if","locations":[{"start":{"line":11,"column":2},"end":{"line":11,"column":2}},{"start":{"line":11,"column":2},"end":{"line":11,"column":2}}]},"3":{"line":18,"type":"if","locations":[{"start":{"line":18,"column":6},"end":{"line":18,"column":6}},{"start":{"line":18,"column":6},"end":{"line":18,"column":6}}]},"4":{"line":19,"type":"if","locations":[{"start":{"line":19,"column":6},"end":{"line":19,"column":6}},{"start":{"line":19,"column":6},"end":{"line":19,"column":6}}]},"5":{"line":25,"type":"if","locations":[{"start":{"line":25,"column":4},"end":{"line":25,"column":4}},{"start":{"line":25,"column":4},"end":{"line":25,"column":4}}]},"6":{"line":32,"type":"if","locations":[{"start":{"line":32,"column":4},"end":{"line":32,"column":4}},{"start":{"line":32,"column":4},"end":{"line":32,"column":4}}]},"7":{"line":36,"type":"if","locations":[{"start":{"line":36,"column":4},"end":{"line":36,"column":4}},{"start":{"line":36,"column":4},"end":{"line":36,"column":4}}]},"8":{"line":36,"type":"binary-expr","locations":[{"start":{"line":36,"column":8},"end":{"line":36,"column":14}},{"start":{"line":36,"column":18},"end":{"line":36,"column":36}}]}},"code":["var through2 = require('through2');","","module.exports = function (config, handler, flush) {","  if (typeof config === 'function') {","    flush = handler;","    handler = config;","    config = {};","  }","","  // default to a pass through stream","  if (typeof handler !== 'function') handler = function (a) { this.push(a); };","","  // if a handler leaves off the done callback, we will call it for them","  var async = handler.length >= 2;","","  var str = through2({ objectMode: true }, function (obj, enc, _cb) {","    var done = function (err, obj) {","      if (err) str.emit('error', err);","      if (obj) str.push(obj);","","      _cb();","    };","","","    if (async) {","      handler.call(str, obj, done);","    } else {","      handler.call(str, obj);","      done();","    }","  }, function (done) {","    if (flush) {","      flush.call(this, done);","    }","","    if (!flush || flush.length === 0) done();","  });","","  return str;","};"],"l":{"1":1,"3":1,"4":0,"5":0,"6":0,"7":0,"11":0,"14":0,"16":0,"17":0,"18":0,"19":0,"21":0,"25":0,"26":0,"28":0,"29":0,"32":0,"33":0,"36":0,"39":0}},"/home/travis/build/npmtest/node-npmtest-gulp-jshint/gulp-jshint/src/reporters/fail.js":{"path":"/home/travis/build/npmtest/node-npmtest-gulp-jshint/gulp-jshint/src/reporters/fail.js","s":{"1":1,"2":1,"3":1,"4":1,"5":1,"6":0,"7":0,"8":0,"9":0,"10":0,"11":0,"12":0,"13":0,"14":0,"15":0,"16":0,"17":0,"18":0,"19":0,"20":0,"21":0,"22":0,"23":0},"b":{"1":[0,0],"2":[0,0],"3":[0,0],"4":[0,0],"5":[0,0],"6":[0,0,0],"7":[0,0],"8":[0,0],"9":[0,0],"10":[0,0],"11":[0,0],"12":[0,0,0,0],"13":[0,0]},"f":{"1":0,"2":0,"3":0,"4":0,"5":0},"fnMap":{"1":{"name":"(anonymous_1)","line":6,"loc":{"start":{"line":6,"column":17},"end":{"line":6,"column":33}}},"2":{"name":"through","line":19,"loc":{"start":{"line":19,"column":4},"end":{"line":19,"column":27}}},"3":{"name":"(anonymous_3)","line":22,"loc":{"start":{"line":22,"column":47},"end":{"line":22,"column":69}}},"4":{"name":"flush","line":38,"loc":{"start":{"line":38,"column":7},"end":{"line":38,"column":24}}},"5":{"name":"(anonymous_5)","line":50,"loc":{"start":{"line":50,"column":23},"end":{"line":50,"column":39}}}},"statementMap":{"1":{"start":{"line":1,"column":0},"end":{"line":1,"column":27}},"2":{"start":{"line":2,"column":0},"end":{"line":2,"column":34}},"3":{"start":{"line":3,"column":0},"end":{"line":3,"column":51}},"4":{"start":{"line":4,"column":0},"end":{"line":4,"column":38}},"5":{"start":{"line":6,"column":0},"end":{"line":56,"column":2}},"6":{"start":{"line":7,"column":2},"end":{"line":7,"column":20}},"7":{"start":{"line":10,"column":2},"end":{"line":10,"column":20}},"8":{"start":{"line":13,"column":2},"end":{"line":13,"column":50}},"9":{"start":{"line":16,"column":2},"end":{"line":16,"column":49}},"10":{"start":{"line":18,"column":2},"end":{"line":55,"column":4}},"11":{"start":{"line":21,"column":6},"end":{"line":29,"column":7}},"12":{"start":{"line":22,"column":8},"end":{"line":28,"column":21}},"13":{"start":{"line":23,"column":10},"end":{"line":27,"column":12}},"14":{"start":{"line":32,"column":6},"end":{"line":34,"column":7}},"15":{"start":{"line":33,"column":8},"end":{"line":33,"column":76}},"16":{"start":{"line":37,"column":6},"end":{"line":37,"column":34}},"17":{"start":{"line":39,"column":6},"end":{"line":39,"column":66}},"18":{"start":{"line":40,"column":6},"end":{"line":40,"column":57}},"19":{"start":{"line":41,"column":6},"end":{"line":46,"column":7}},"20":{"start":{"line":42,"column":8},"end":{"line":45,"column":12}},"21":{"start":{"line":48,"column":6},"end":{"line":53,"column":7}},"22":{"start":{"line":50,"column":8},"end":{"line":52,"column":17}},"23":{"start":{"line":51,"column":10},"end":{"line":51,"column":26}}},"branchMap":{"1":{"line":7,"type":"binary-expr","locations":[{"start":{"line":7,"column":9},"end":{"line":7,"column":13}},{"start":{"line":7,"column":17},"end":{"line":7,"column":19}}]},"2":{"line":13,"type":"cond-expr","locations":[{"start":{"line":13,"column":39},"end":{"line":13,"column":41}},{"start":{"line":13,"column":44},"end":{"line":13,"column":49}}]},"3":{"line":21,"type":"if","locations":[{"start":{"line":21,"column":6},"end":{"line":21,"column":6}},{"start":{"line":21,"column":6},"end":{"line":21,"column":6}}]},"4":{"line":21,"type":"binary-expr","locations":[{"start":{"line":21,"column":10},"end":{"line":21,"column":21}},{"start":{"line":21,"column":25},"end":{"line":21,"column":44}}]},"5":{"line":32,"type":"if","locations":[{"start":{"line":32,"column":6},"end":{"line":32,"column":6}},{"start":{"line":32,"column":6},"end":{"line":32,"column":6}}]},"6":{"line":32,"type":"binary-expr","locations":[{"start":{"line":32,"column":10},"end":{"line":32,"column":21}},{"start":{"line":32,"column":25},"end":{"line":32,"column":45}},{"start":{"line":32,"column":49},"end":{"line":32,"column":69}}]},"7":{"line":33,"type":"binary-expr","locations":[{"start":{"line":33,"column":17},"end":{"line":33,"column":22}},{"start":{"line":33,"column":26},"end":{"line":33,"column":28}}]},"8":{"line":37,"type":"binary-expr","locations":[{"start":{"line":37,"column":7},"end":{"line":37,"column":13}},{"start":{"line":37,"column":17},"end":{"line":37,"column":21}}]},"9":{"line":39,"type":"binary-expr","locations":[{"start":{"line":39,"column":26},"end":{"line":39,"column":45}},{"start":{"line":39,"column":49},"end":{"line":39,"column":65}}]},"10":{"line":40,"type":"binary-expr","locations":[{"start":{"line":40,"column":23},"end":{"line":40,"column":39}},{"start":{"line":40,"column":43},"end":{"line":40,"column":56}}]},"11":{"line":41,"type":"if","locations":[{"start":{"line":41,"column":6},"end":{"line":41,"column":6}},{"start":{"line":41,"column":6},"end":{"line":41,"column":6}}]},"12":{"line":41,"type":"binary-expr","locations":[{"start":{"line":41,"column":10},"end":{"line":41,"column":15}},{"start":{"line":41,"column":20},"end":{"line":41,"column":34}},{"start":{"line":41,"column":38},"end":{"line":41,"column":51}},{"start":{"line":41,"column":55},"end":{"line":41,"column":65}}]},"13":{"line":48,"type":"if","locations":[{"start":{"line":48,"column":6},"end":{"line":48,"column":6}},{"start":{"line":48,"column":6},"end":{"line":48,"column":6}}]}},"code":["var path = require('path');","var stream = require('../stream');","var PluginError = require('gulp-util').PluginError;","var reduce = require('lodash/reduce');","","module.exports = function (opts) {","  opts = opts || {};","","  // @type false|[]paths - paths to files that failed jshint","  var fails = false;","","  // @type false|[]files - files that need to be passed downstream on flush","  var buffer = opts.buffer !== false ? [] : false;","","  // @type object - count of jshint error, warning and info messages","  var messages = {error: 0, warning: 0, info: 0};","","  return stream(","    function through(file) {","      // count error, warning and info messages","      if (file.jshint && file.jshint.results) {","        messages = reduce(file.jshint.results, function(result, err) {","          return {","            error: result.error + Number(err.error.code[0] === 'E'),","            warning: result.warning + Number(err.error.code[0] === 'W'),","            info: result.info + Number(err.error.code[0] === 'I')","          };","        }, messages);","      }","","      // check for failure","      if (file.jshint && !file.jshint.success && !file.jshint.ignored) {","        (fails = fails || []).push(path.relative(process.cwd(), file.path));","      }","","      // buffer or pass downstream","      (buffer || this).push(file);","    }, function flush() {","      var failOnWarning = !opts.ignoreWarning && messages.warning;","      var failOnInfo = !opts.ignoreInfo && messages.info;","      if (fails && (messages.error || failOnWarning || failOnInfo)) {","        this.emit('error', new PluginError('gulp-jshint', {","          message: 'JSHint failed for: ' + fails.join(', '),","          showStack: false","        }));","      }","","      if (buffer) {","        // send the buffered files downstream","        buffer.forEach(function (file) {","          this.push(file);","        }, this);","      }","    }","  );","};",""],"l":{"1":1,"2":1,"3":1,"4":1,"6":1,"7":0,"10":0,"13":0,"16":0,"18":0,"21":0,"22":0,"23":0,"32":0,"33":0,"37":0,"39":0,"40":0,"41":0,"42":0,"48":0,"50":0,"51":0}},"/home/travis/build/npmtest/node-npmtest-gulp-jshint/gulp-jshint/src/extract.js":{"path":"/home/travis/build/npmtest/node-npmtest-gulp-jshint/gulp-jshint/src/extract.js","s":{"1":1,"2":1,"3":1,"4":1,"5":0,"6":0,"7":0,"8":0,"9":0,"10":0,"11":0,"12":0,"13":0,"14":0},"b":{"1":[0,0],"2":[0,0],"3":[0,0],"4":[0,0]},"f":{"1":0,"2":0,"3":0},"fnMap":{"1":{"name":"extract","line":5,"loc":{"start":{"line":5,"column":17},"end":{"line":5,"column":40}}},"2":{"name":"(anonymous_2)","line":8,"loc":{"start":{"line":8,"column":16},"end":{"line":8,"column":36}}},"3":{"name":"(anonymous_3)","line":9,"loc":{"start":{"line":9,"column":22},"end":{"line":9,"column":46}}}},"statementMap":{"1":{"start":{"line":1,"column":0},"end":{"line":1,"column":42}},"2":{"start":{"line":2,"column":0},"end":{"line":2,"column":43}},"3":{"start":{"line":3,"column":0},"end":{"line":3,"column":33}},"4":{"start":{"line":5,"column":0},"end":{"line":18,"column":2}},"5":{"start":{"line":6,"column":2},"end":{"line":6,"column":24}},"6":{"start":{"line":8,"column":2},"end":{"line":17,"column":5}},"7":{"start":{"line":9,"column":4},"end":{"line":16,"column":7}},"8":{"start":{"line":10,"column":6},"end":{"line":10,"column":30}},"9":{"start":{"line":10,"column":15},"end":{"line":10,"column":30}},"10":{"start":{"line":11,"column":6},"end":{"line":11,"column":41}},"11":{"start":{"line":11,"column":19},"end":{"line":11,"column":41}},"12":{"start":{"line":13,"column":6},"end":{"line":13,"column":38}},"13":{"start":{"line":14,"column":6},"end":{"line":14,"column":86}},"14":{"start":{"line":15,"column":6},"end":{"line":15,"column":28}}},"branchMap":{"1":{"line":6,"type":"binary-expr","locations":[{"start":{"line":6,"column":9},"end":{"line":6,"column":13}},{"start":{"line":6,"column":17},"end":{"line":6,"column":23}}]},"2":{"line":10,"type":"if","locations":[{"start":{"line":10,"column":6},"end":{"line":10,"column":6}},{"start":{"line":10,"column":6},"end":{"line":10,"column":6}}]},"3":{"line":11,"type":"if","locations":[{"start":{"line":11,"column":6},"end":{"line":11,"column":6}},{"start":{"line":11,"column":6},"end":{"line":11,"column":6}}]},"4":{"line":13,"type":"binary-expr","locations":[{"start":{"line":13,"column":20},"end":{"line":13,"column":31}},{"start":{"line":13,"column":35},"end":{"line":13,"column":37}}]}},"code":["var jshintcli = require('jshint/src/cli');","var fileIgnored = require('./fileIgnored');","var stream = require('./stream');","","module.exports = function extract(when) {","  when = when || 'auto';","","  return stream(function (file, cb) {","    fileIgnored(file, function (err, ignored) {","      if (err) return cb(err);","      if (ignored) return cb(null, file);","","      file.jshint = file.jshint || {};","      file.jshint.extracted = jshintcli.extract(file.contents.toString('utf8'), when);","      return cb(null, file);","    });","  });","};"],"l":{"1":1,"2":1,"3":1,"5":1,"6":0,"8":0,"9":0,"10":0,"11":0,"13":0,"14":0,"15":0}},"/home/travis/build/npmtest/node-npmtest-gulp-jshint/gulp-jshint/src/fileIgnored.js":{"path":"/home/travis/build/npmtest/node-npmtest-gulp-jshint/gulp-jshint/src/fileIgnored.js","s":{"1":1,"2":1,"3":1,"4":1,"5":1,"6":1,"7":1,"8":1,"9":1,"10":1,"11":0,"12":0,"13":0,"14":0,"15":0,"16":1,"17":1,"18":1,"19":1,"20":0,"21":0,"22":0,"23":0,"24":0,"25":0,"26":0,"27":0,"28":0,"29":0,"30":0,"31":0,"32":0,"33":0,"34":0,"35":0,"36":0,"37":0,"38":0},"b":{"1":[1,0],"2":[1,0],"3":[0,0],"4":[0,0],"5":[0,0],"6":[0,0],"7":[0,0],"8":[0,0]},"f":{"1":0,"2":0,"3":0,"4":1,"5":0,"6":0,"7":0,"8":0},"fnMap":{"1":{"name":"(anonymous_1)","line":12,"loc":{"start":{"line":12,"column":10},"end":{"line":12,"column":26}}},"2":{"name":"(anonymous_2)","line":22,"loc":{"start":{"line":22,"column":16},"end":{"line":22,"column":32}}},"3":{"name":"(anonymous_3)","line":23,"loc":{"start":{"line":23,"column":13},"end":{"line":23,"column":29}}},"4":{"name":"(anonymous_4)","line":35,"loc":{"start":{"line":35,"column":18},"end":{"line":35,"column":30}}},"5":{"name":"(anonymous_5)","line":37,"loc":{"start":{"line":37,"column":11},"end":{"line":37,"column":31}}},"6":{"name":"(anonymous_6)","line":42,"loc":{"start":{"line":42,"column":26},"end":{"line":42,"column":45}}},"7":{"name":"check","line":46,"loc":{"start":{"line":46,"column":9},"end":{"line":46,"column":34}}},"8":{"name":"(anonymous_8)","line":51,"loc":{"start":{"line":51,"column":34},"end":{"line":51,"column":53}}}},"statementMap":{"1":{"start":{"line":1,"column":0},"end":{"line":1,"column":23}},"2":{"start":{"line":2,"column":0},"end":{"line":2,"column":40}},"3":{"start":{"line":3,"column":0},"end":{"line":3,"column":47}},"4":{"start":{"line":4,"column":0},"end":{"line":4,"column":38}},"5":{"start":{"line":5,"column":0},"end":{"line":5,"column":38}},"6":{"start":{"line":6,"column":0},"end":{"line":6,"column":32}},"7":{"start":{"line":7,"column":0},"end":{"line":7,"column":30}},"8":{"start":{"line":8,"column":0},"end":{"line":8,"column":35}},"9":{"start":{"line":9,"column":0},"end":{"line":9,"column":51}},"10":{"start":{"line":11,"column":0},"end":{"line":28,"column":3}},"11":{"start":{"line":15,"column":4},"end":{"line":15,"column":49}},"12":{"start":{"line":16,"column":4},"end":{"line":16,"column":28}},"13":{"start":{"line":17,"column":4},"end":{"line":26,"column":6}},"14":{"start":{"line":22,"column":34},"end":{"line":22,"column":55}},"15":{"start":{"line":24,"column":10},"end":{"line":24,"column":43}},"16":{"start":{"line":33,"column":0},"end":{"line":33,"column":63}},"17":{"start":{"line":35,"column":0},"end":{"line":70,"column":5}},"18":{"start":{"line":36,"column":2},"end":{"line":40,"column":3}},"19":{"start":{"line":37,"column":4},"end":{"line":39,"column":6}},"20":{"start":{"line":38,"column":6},"end":{"line":38,"column":22}},"21":{"start":{"line":42,"column":2},"end":{"line":44,"column":5}},"22":{"start":{"line":43,"column":4},"end":{"line":43,"column":52}},"23":{"start":{"line":46,"column":2},"end":{"line":69,"column":4}},"24":{"start":{"line":47,"column":4},"end":{"line":47,"column":45}},"25":{"start":{"line":47,"column":23},"end":{"line":47,"column":45}},"26":{"start":{"line":48,"column":4},"end":{"line":48,"column":94}},"27":{"start":{"line":48,"column":25},"end":{"line":48,"column":94}},"28":{"start":{"line":50,"column":4},"end":{"line":50,"column":25}},"29":{"start":{"line":51,"column":4},"end":{"line":68,"column":8}},"30":{"start":{"line":52,"column":6},"end":{"line":54,"column":7}},"31":{"start":{"line":53,"column":8},"end":{"line":53,"column":20}},"32":{"start":{"line":56,"column":6},"end":{"line":58,"column":7}},"33":{"start":{"line":57,"column":8},"end":{"line":57,"column":20}},"34":{"start":{"line":60,"column":6},"end":{"line":60,"column":27}},"35":{"start":{"line":61,"column":6},"end":{"line":63,"column":7}},"36":{"start":{"line":62,"column":8},"end":{"line":62,"column":23}},"37":{"start":{"line":65,"column":6},"end":{"line":67,"column":7}},"38":{"start":{"line":66,"column":8},"end":{"line":66,"column":20}}},"branchMap":{"1":{"line":36,"type":"if","locations":[{"start":{"line":36,"column":2},"end":{"line":36,"column":2}},{"start":{"line":36,"column":2},"end":{"line":36,"column":2}}]},"2":{"line":36,"type":"binary-expr","locations":[{"start":{"line":36,"column":6},"end":{"line":36,"column":18}},{"start":{"line":36,"column":22},"end":{"line":36,"column":45}}]},"3":{"line":47,"type":"if","locations":[{"start":{"line":47,"column":4},"end":{"line":47,"column":4}},{"start":{"line":47,"column":4},"end":{"line":47,"column":4}}]},"4":{"line":48,"type":"if","locations":[{"start":{"line":48,"column":4},"end":{"line":48,"column":4}},{"start":{"line":48,"column":4},"end":{"line":48,"column":4}}]},"5":{"line":52,"type":"if","locations":[{"start":{"line":52,"column":6},"end":{"line":52,"column":6}},{"start":{"line":52,"column":6},"end":{"line":52,"column":6}}]},"6":{"line":56,"type":"if","locations":[{"start":{"line":56,"column":6},"end":{"line":56,"column":6}},{"start":{"line":56,"column":6},"end":{"line":56,"column":6}}]},"7":{"line":61,"type":"if","locations":[{"start":{"line":61,"column":6},"end":{"line":61,"column":6}},{"start":{"line":61,"column":6},"end":{"line":61,"column":6}}]},"8":{"line":65,"type":"if","locations":[{"start":{"line":65,"column":6},"end":{"line":65,"column":6}},{"start":{"line":65,"column":6},"end":{"line":65,"column":6}}]}},"code":["var fs = require('fs');","var memoize = require('lodash/memoize');","var Minimatch = require('minimatch').Minimatch;","var resolve = require('path').resolve;","var dirname = require('path').dirname;","var join = require('path').join;","var sep = require('path').sep;","var RcLoader = require('rcloader');","var PluginError = require('gulp-util').PluginError;","","var ignoreLoader = new RcLoader('.jshintignore', {}, {","  loader: function (path) {","    // .jshintignore is a line-delimited list of patterns","    // convert to an array and filter empty lines","    var contents = fs.readFileSync(path, 'utf8');","    var dir = dirname(path);","    return {","      file: path,","      patterns:","        contents.toString('utf8')","        .split(/\\r?\\n/)","        .filter(function (line) { return !!line.trim(); })","        .map(function (line) {","          return resolve(dir, line.trim());","        })","    };","  }","});","","// get the .jshintignore closest to the current working directory,","// but since RcLoader expect to start searching at a file we need to","// fake a file name","var ignore = ignoreLoader.for(join(process.cwd(), 'index.js'));","","module.exports = (function () {","  if (!ignore.file || !ignore.patterns.length) {","    return function (file, cb) {","      cb(null, false);","    };","  }","","  var minimatch = memoize(function (pattern) {","    return new Minimatch(pattern, { nocase: true });","  });","","  return function check(file, cb) {","    if (file.isNull()) return cb(null, true);","    if (file.isStream()) return cb(new PluginError('gulp-jshint', 'Streaming not supported'));","","    var path = file.path;","    cb(null, ignore.patterns.some(function (pattern) {","      if (minimatch(pattern).match(path)) {","        return true;","      }","","      if (pattern === path) {","        return true;","      }","","      var prefix = pattern;","      if (prefix.substr(-1) !== sep) {","        pattern += sep;","      }","","      if (path.indexOf(prefix) === 0) {","        return true;","      }","    }));","  };","}());",""],"l":{"1":1,"2":1,"3":1,"4":1,"5":1,"6":1,"7":1,"8":1,"9":1,"11":1,"15":0,"16":0,"17":0,"22":0,"24":0,"33":1,"35":1,"36":1,"37":1,"38":0,"42":0,"43":0,"46":0,"47":0,"48":0,"50":0,"51":0,"52":0,"53":0,"56":0,"57":0,"60":0,"61":0,"62":0,"65":0,"66":0}},"/home/travis/build/npmtest/node-npmtest-gulp-jshint/gulp-jshint/src/lint.js":{"path":"/home/travis/build/npmtest/node-npmtest-gulp-jshint/gulp-jshint/src/lint.js","s":{"1":1,"2":1,"3":1,"4":1,"5":1,"6":1,"7":1,"8":1,"9":1,"10":1,"11":0,"12":0,"13":0,"14":0,"15":0,"16":0,"17":0,"18":0,"19":0,"20":0,"21":0,"22":0,"23":0,"24":0,"25":0,"26":0,"27":0,"28":0,"29":0,"30":0,"31":0,"32":0,"33":0,"34":0,"35":0,"36":0,"37":0,"38":0,"39":0,"40":0,"41":0,"42":0,"43":0,"44":0,"45":0,"46":0,"47":0,"48":0,"49":0,"50":0,"51":0,"52":0,"53":0,"54":0,"55":0,"56":0,"57":0},"b":{"1":[0,0],"2":[0,0],"3":[0,0],"4":[0,0],"5":[0,0],"6":[0,0],"7":[0,0],"8":[0,0],"9":[0,0],"10":[0,0],"11":[0,0],"12":[0,0],"13":[0,0],"14":[0,0],"15":[0,0]},"f":{"1":0,"2":0,"3":0,"4":0,"5":0,"6":0,"7":0},"fnMap":{"1":{"name":"createLintFunction","line":12,"loc":{"start":{"line":12,"column":17},"end":{"line":12,"column":55}}},"2":{"name":"(anonymous_2)","line":40,"loc":{"start":{"line":40,"column":12},"end":{"line":40,"column":28}}},"3":{"name":"(anonymous_3)","line":47,"loc":{"start":{"line":47,"column":21},"end":{"line":47,"column":47}}},"4":{"name":"(anonymous_4)","line":50,"loc":{"start":{"line":50,"column":36},"end":{"line":50,"column":51}}},"5":{"name":"lint","line":60,"loc":{"start":{"line":60,"column":9},"end":{"line":60,"column":33}}},"6":{"name":"(anonymous_6)","line":65,"loc":{"start":{"line":65,"column":28},"end":{"line":65,"column":48}}},"7":{"name":"(anonymous_7)","line":75,"loc":{"start":{"line":75,"column":31},"end":{"line":75,"column":59}}}},"statementMap":{"1":{"start":{"line":1,"column":0},"end":{"line":1,"column":27}},"2":{"start":{"line":2,"column":0},"end":{"line":2,"column":51}},"3":{"start":{"line":3,"column":0},"end":{"line":3,"column":35}},"4":{"start":{"line":4,"column":0},"end":{"line":4,"column":42}},"5":{"start":{"line":5,"column":0},"end":{"line":5,"column":37}},"6":{"start":{"line":7,"column":0},"end":{"line":7,"column":38}},"7":{"start":{"line":8,"column":0},"end":{"line":8,"column":40}},"8":{"start":{"line":9,"column":0},"end":{"line":9,"column":42}},"9":{"start":{"line":10,"column":0},"end":{"line":10,"column":46}},"10":{"start":{"line":12,"column":0},"end":{"line":99,"column":2}},"11":{"start":{"line":13,"column":2},"end":{"line":13,"column":28}},"12":{"start":{"line":19,"column":2},"end":{"line":19,"column":40}},"13":{"start":{"line":21,"column":2},"end":{"line":37,"column":3}},"14":{"start":{"line":22,"column":4},"end":{"line":28,"column":5}},"15":{"start":{"line":25,"column":6},"end":{"line":25,"column":47}},"16":{"start":{"line":27,"column":6},"end":{"line":27,"column":31}},"17":{"start":{"line":30,"column":4},"end":{"line":34,"column":5}},"18":{"start":{"line":31,"column":6},"end":{"line":33,"column":8}},"19":{"start":{"line":36,"column":4},"end":{"line":36,"column":27}},"20":{"start":{"line":39,"column":2},"end":{"line":45,"column":5}},"21":{"start":{"line":41,"column":6},"end":{"line":41,"column":43}},"22":{"start":{"line":42,"column":6},"end":{"line":42,"column":25}},"23":{"start":{"line":43,"column":6},"end":{"line":43,"column":17}},"24":{"start":{"line":47,"column":2},"end":{"line":58,"column":4}},"25":{"start":{"line":48,"column":4},"end":{"line":48,"column":80}},"26":{"start":{"line":50,"column":4},"end":{"line":53,"column":23}},"27":{"start":{"line":51,"column":6},"end":{"line":51,"column":23}},"28":{"start":{"line":51,"column":16},"end":{"line":51,"column":23}},"29":{"start":{"line":52,"column":6},"end":{"line":52,"column":44}},"30":{"start":{"line":55,"column":4},"end":{"line":55,"column":18}},"31":{"start":{"line":56,"column":4},"end":{"line":56,"column":31}},"32":{"start":{"line":57,"column":4},"end":{"line":57,"column":32}},"33":{"start":{"line":60,"column":2},"end":{"line":98,"column":4}},"34":{"start":{"line":62,"column":4},"end":{"line":64,"column":5}},"35":{"start":{"line":63,"column":6},"end":{"line":63,"column":28}},"36":{"start":{"line":65,"column":4},"end":{"line":97,"column":7}},"37":{"start":{"line":66,"column":6},"end":{"line":66,"column":30}},"38":{"start":{"line":66,"column":15},"end":{"line":66,"column":30}},"39":{"start":{"line":68,"column":6},"end":{"line":68,"column":23}},"40":{"start":{"line":69,"column":6},"end":{"line":72,"column":7}},"41":{"start":{"line":70,"column":8},"end":{"line":70,"column":30}},"42":{"start":{"line":71,"column":8},"end":{"line":71,"column":27}},"43":{"start":{"line":74,"column":6},"end":{"line":87,"column":7}},"44":{"start":{"line":75,"column":8},"end":{"line":84,"column":11}},"45":{"start":{"line":76,"column":10},"end":{"line":76,"column":88}},"46":{"start":{"line":76,"column":81},"end":{"line":76,"column":88}},"47":{"start":{"line":78,"column":10},"end":{"line":81,"column":11}},"48":{"start":{"line":79,"column":12},"end":{"line":79,"column":55}},"49":{"start":{"line":80,"column":12},"end":{"line":80,"column":35}},"50":{"start":{"line":83,"column":10},"end":{"line":83,"column":31}},"51":{"start":{"line":86,"column":8},"end":{"line":86,"column":29}},"52":{"start":{"line":90,"column":6},"end":{"line":90,"column":50}},"53":{"start":{"line":91,"column":6},"end":{"line":91,"column":89}},"54":{"start":{"line":93,"column":6},"end":{"line":93,"column":46}},"55":{"start":{"line":94,"column":6},"end":{"line":94,"column":53}},"56":{"start":{"line":94,"column":24},"end":{"line":94,"column":53}},"57":{"start":{"line":96,"column":6},"end":{"line":96,"column":28}}},"branchMap":{"1":{"line":13,"type":"binary-expr","locations":[{"start":{"line":13,"column":13},"end":{"line":13,"column":21}},{"start":{"line":13,"column":25},"end":{"line":13,"column":27}}]},"2":{"line":21,"type":"if","locations":[{"start":{"line":21,"column":2},"end":{"line":21,"column":2}},{"start":{"line":21,"column":2},"end":{"line":21,"column":2}}]},"3":{"line":22,"type":"if","locations":[{"start":{"line":22,"column":4},"end":{"line":22,"column":4}},{"start":{"line":22,"column":4},"end":{"line":22,"column":4}}]},"4":{"line":30,"type":"if","locations":[{"start":{"line":30,"column":4},"end":{"line":30,"column":4}},{"start":{"line":30,"column":4},"end":{"line":30,"column":4}}]},"5":{"line":48,"type":"cond-expr","locations":[{"start":{"line":48,"column":31},"end":{"line":48,"column":70}},{"start":{"line":48,"column":72},"end":{"line":48,"column":79}}]},"6":{"line":51,"type":"if","locations":[{"start":{"line":51,"column":6},"end":{"line":51,"column":6}},{"start":{"line":51,"column":6},"end":{"line":51,"column":6}}]},"7":{"line":62,"type":"if","locations":[{"start":{"line":62,"column":4},"end":{"line":62,"column":4}},{"start":{"line":62,"column":4},"end":{"line":62,"column":4}}]},"8":{"line":66,"type":"if","locations":[{"start":{"line":66,"column":6},"end":{"line":66,"column":6}},{"start":{"line":66,"column":6},"end":{"line":66,"column":6}}]},"9":{"line":69,"type":"if","locations":[{"start":{"line":69,"column":6},"end":{"line":69,"column":6}},{"start":{"line":69,"column":6},"end":{"line":69,"column":6}}]},"10":{"line":74,"type":"if","locations":[{"start":{"line":74,"column":6},"end":{"line":74,"column":6}},{"start":{"line":74,"column":6},"end":{"line":74,"column":6}}]},"11":{"line":76,"type":"if","locations":[{"start":{"line":76,"column":10},"end":{"line":76,"column":10}},{"start":{"line":76,"column":10},"end":{"line":76,"column":10}}]},"12":{"line":78,"type":"if","locations":[{"start":{"line":78,"column":10},"end":{"line":78,"column":10}},{"start":{"line":78,"column":10},"end":{"line":78,"column":10}}]},"13":{"line":90,"type":"binary-expr","locations":[{"start":{"line":90,"column":16},"end":{"line":90,"column":27}},{"start":{"line":90,"column":32},"end":{"line":90,"column":48}}]},"14":{"line":91,"type":"cond-expr","locations":[{"start":{"line":91,"column":42},"end":{"line":91,"column":55}},{"start":{"line":91,"column":58},"end":{"line":91,"column":88}}]},"15":{"line":94,"type":"if","locations":[{"start":{"line":94,"column":6},"end":{"line":94,"column":6}},{"start":{"line":94,"column":6},"end":{"line":94,"column":6}}]}},"code":["var path = require('path');","var PluginError = require('gulp-util').PluginError;","var RcLoader = require('rcloader');","var jshintcli = require('jshint/src/cli');","var minimatch = require('minimatch');","","var assign = require('lodash/assign');","var forEach = require('lodash/forEach');","var isString = require('lodash/isString');","var isFunction = require('lodash/isFunction');","","module.exports = function createLintFunction(userOpts) {","  userOpts = userOpts || {};","","  // Default jshint","  // Need to assign within the createLintFunction code,","  // else repeated requires (like in tests) will","  // not update the variable","  var jshint = require('jshint').JSHINT;","","  if (userOpts.linter) {","    if (isString(userOpts.linter)) {","      // require throws an error if the component can't be found,","      // so we're guaranteed that `require(jshint)` will not be undefined","      jshint = require(userOpts.linter).JSHINT;","    } else { // should be a function","      jshint = userOpts.linter;","    }","","    if (!isFunction(jshint)) {","      throw new PluginError('gulp-jshint',","        'Invalid linter \"'+ userOpts.linter + '\". Must be a function or requirable package.'","      );","    }","","    delete userOpts.linter;","  }","","  var rcLoader = new RcLoader('.jshintrc', userOpts, {","    loader: function (path) {","      var cfg = jshintcli.loadConfig(path);","      delete cfg.dirname;","      return cfg;","    }","  });","","  var reportErrors = function (file, out, cfg) {","    var filePath = file.path ? path.relative(process.cwd(), file.path): 'stdin';","","    out.results = jshint.errors.map(function (err) {","      if (!err) return;","      return { file: filePath, error: err };","    }).filter(Boolean);","","    out.opt = cfg;","    out.data = [jshint.data()];","    out.data[0].file = filePath;","  };","","  return function lint(file, cb) {","    // pass through dirs, streaming files, etc.","    if (!file.isBuffer()) {","      return cb(null, file);","    }","    rcLoader.for(file.path, function (err, cfg) {","      if (err) return cb(err);","","      var globals = {};","      if (cfg.globals) {","        globals = cfg.globals;","        delete cfg.globals;","      }","","      if (cfg.overrides) {","        forEach(cfg.overrides, function (options, pattern) {","          if (!minimatch(file.path, pattern, { nocase: true, matchBase: true })) return;","","          if (options.globals) {","            globals = assign(globals, options.globals);","            delete options.globals;","          }","","          assign(cfg, options);","        });","","        delete cfg.overrides;","      }","","      // get or create file.jshint, we will write all output here","      var out = file.jshint || (file.jshint = {});","      var str = isString(out.extracted) ? out.extracted : file.contents.toString('utf8');","","      out.success = jshint(str, cfg, globals);","      if (!out.success) reportErrors(file, out, cfg);","","      return cb(null, file);","    });","  };","};",""],"l":{"1":1,"2":1,"3":1,"4":1,"5":1,"7":1,"8":1,"9":1,"10":1,"12":1,"13":0,"19":0,"21":0,"22":0,"25":0,"27":0,"30":0,"31":0,"36":0,"39":0,"41":0,"42":0,"43":0,"47":0,"48":0,"50":0,"51":0,"52":0,"55":0,"56":0,"57":0,"60":0,"62":0,"63":0,"65":0,"66":0,"68":0,"69":0,"70":0,"71":0,"74":0,"75":0,"76":0,"78":0,"79":0,"80":0,"83":0,"86":0,"90":0,"91":0,"93":0,"94":0,"96":0}}}